[0.074s] Invoking command in '/home/derek/work/build/realsense2_camera': AMENT_PREFIX_PATH=/home/derek/work/install/realsense2_camera_msgs:${AMENT_PREFIX_PATH} CMAKE_PREFIX_PATH=/home/derek/work/install/realsense2_camera_msgs:/opt/ros/humble LD_LIBRARY_PATH=/home/derek/work/install/realsense2_camera_msgs/lib:${LD_LIBRARY_PATH} PYTHONPATH=/home/derek/work/install/realsense2_camera_msgs/local/lib/python3.10/dist-packages:${PYTHONPATH} /usr/bin/cmake /home/derek/work/src/realsense-ros/realsense2_camera -DCMAKE_INSTALL_PREFIX=/home/derek/work/install/realsense2_camera
[0.127s] -- The C compiler identification is GNU 11.4.0
[0.175s] -- The CXX compiler identification is GNU 11.4.0
[0.182s] -- Detecting C compiler ABI info
[0.245s] -- Detecting C compiler ABI info - done
[0.256s] -- Check for working C compiler: /usr/bin/cc - skipped
[0.256s] -- Detecting C compile features
[0.256s] -- Detecting C compile features - done
[0.258s] -- Detecting CXX compiler ABI info
[0.329s] -- Detecting CXX compiler ABI info - done
[0.339s] -- Check for working CXX compiler: /usr/bin/c++ - skipped
[0.339s] -- Detecting CXX compile features
[0.340s] -- Detecting CXX compile features - done
[0.341s] -- Create Release Build.
[0.343s] -- Found ament_cmake: 1.3.6 (/opt/ros/humble/share/ament_cmake/cmake)
[0.784s] -- Found Python3: /usr/bin/python3.10 (found version "3.10.12") found components: Interpreter 
[0.870s] -- Found builtin_interfaces: 1.2.1 (/opt/ros/humble/share/builtin_interfaces/cmake)
[0.896s] -- Found rosidl_generator_c: 3.1.5 (/opt/ros/humble/share/rosidl_generator_c/cmake)
[0.900s] -- Found rosidl_adapter: 3.1.5 (/opt/ros/humble/share/rosidl_adapter/cmake)
[0.907s] -- Found rosidl_generator_cpp: 3.1.5 (/opt/ros/humble/share/rosidl_generator_cpp/cmake)
[0.920s] -- Using all available rosidl_typesupport_c: rosidl_typesupport_fastrtps_c;rosidl_typesupport_introspection_c
[0.936s] -- Using all available rosidl_typesupport_cpp: rosidl_typesupport_fastrtps_cpp;rosidl_typesupport_introspection_cpp
[0.950s] -- Found cv_bridge: 3.2.1 (/opt/ros/humble/share/cv_bridge/cmake)
[1.132s] -- Found image_transport: 3.1.7 (/opt/ros/humble/share/image_transport/cmake)
[1.184s] -- Found rmw_implementation_cmake: 6.1.1 (/opt/ros/humble/share/rmw_implementation_cmake/cmake)
[1.185s] -- Found rmw_fastrtps_cpp: 6.2.5 (/opt/ros/humble/share/rmw_fastrtps_cpp/cmake)
[1.279s] -- Found OpenSSL: /usr/lib/x86_64-linux-gnu/libcrypto.so (found version "3.0.2")  
[1.309s] -- Found FastRTPS: /opt/ros/humble/include  
[1.358s] -- Using RMW implementation 'rmw_fastrtps_cpp' as default
[1.366s] -- Looking for pthread.h
[1.423s] -- Looking for pthread.h - found
[1.423s] -- Performing Test CMAKE_HAVE_LIBC_PTHREAD
[1.479s] -- Performing Test CMAKE_HAVE_LIBC_PTHREAD - Success
[1.481s] -- Found Threads: TRUE  
[1.647s] -- Found rclcpp_components: 16.0.7 (/opt/ros/humble/share/rclcpp_components/cmake)
[1.695s] -- Found realsense2_camera_msgs: 4.54.1 (/home/derek/work/install/realsense2_camera_msgs/share/realsense2_camera_msgs/cmake)
[1.779s] -- Found nav_msgs: 4.2.3 (/opt/ros/humble/share/nav_msgs/cmake)
[1.849s] -- Found tf2_ros: 0.25.5 (/opt/ros/humble/share/tf2_ros/cmake)
[2.080s] -- Found diagnostic_updater: 3.1.2 (/opt/ros/humble/share/diagnostic_updater/cmake)
[2.142s] -- Build for ROS2 Humble
[2.146s] -- Found ament_cmake_gtest: 1.3.6 (/opt/ros/humble/share/ament_cmake_gtest/cmake)
[2.147s] -- Found gtest sources under '/opt/ros/humble/src/gtest_vendor': C++ tests using 'Google Test' will be built
[2.151s] -- Found ament_cmake_pytest: 1.3.6 (/opt/ros/humble/share/ament_cmake_pytest/cmake)
[4.077s] -- rs_device_info:
[4.077s] -- Device Name                   Serial Number       Firmware Version    
[4.077s] Intel RealSense D435I         844212070148        5.15.0.2            
[4.077s] 
[4.077s] -- D455 device found
[5.703s] -- Configuring done
[5.727s] -- Generating done
[5.728s] -- Build files have been written to: /home/derek/work/build/realsense2_camera
[5.736s] Invoked command in '/home/derek/work/build/realsense2_camera' returned '0': AMENT_PREFIX_PATH=/home/derek/work/install/realsense2_camera_msgs:${AMENT_PREFIX_PATH} CMAKE_PREFIX_PATH=/home/derek/work/install/realsense2_camera_msgs:/opt/ros/humble LD_LIBRARY_PATH=/home/derek/work/install/realsense2_camera_msgs/lib:${LD_LIBRARY_PATH} PYTHONPATH=/home/derek/work/install/realsense2_camera_msgs/local/lib/python3.10/dist-packages:${PYTHONPATH} /usr/bin/cmake /home/derek/work/src/realsense-ros/realsense2_camera -DCMAKE_INSTALL_PREFIX=/home/derek/work/install/realsense2_camera
[5.738s] Invoking command in '/home/derek/work/build/realsense2_camera': AMENT_PREFIX_PATH=/home/derek/work/install/realsense2_camera_msgs:${AMENT_PREFIX_PATH} CMAKE_PREFIX_PATH=/home/derek/work/install/realsense2_camera_msgs:/opt/ros/humble LD_LIBRARY_PATH=/home/derek/work/install/realsense2_camera_msgs/lib:${LD_LIBRARY_PATH} PYTHONPATH=/home/derek/work/install/realsense2_camera_msgs/local/lib/python3.10/dist-packages:${PYTHONPATH} /usr/bin/cmake --build /home/derek/work/build/realsense2_camera -- -j16 -l16
[5.784s] [  4%] [32mBuilding CXX object gtest/CMakeFiles/gtest_main.dir/src/gtest_main.cc.o[0m
[5.784s] [  9%] [32mBuilding CXX object CMakeFiles/realsense2_camera_node.dir/rclcpp_components/node_main_realsense2_camera_node.cpp.o[0m
[5.785s] [ 13%] [32mBuilding CXX object CMakeFiles/realsense2_camera.dir/src/base_realsense_node.cpp.o[0m
[5.786s] [ 18%] [32mBuilding CXX object CMakeFiles/realsense2_camera.dir/src/ros_sensor.cpp.o[0m
[5.786s] [ 27%] [32mBuilding CXX object CMakeFiles/realsense2_camera.dir/src/rs_node_setup.cpp.o[0m
[5.786s] [ 27%] [32mBuilding CXX object CMakeFiles/realsense2_camera.dir/src/parameters.cpp.o[0m
[5.786s] [ 31%] [32mBuilding CXX object gtest/CMakeFiles/gtest.dir/src/gtest-all.cc.o[0m
[5.787s] [ 36%] [32mBuilding CXX object CMakeFiles/realsense2_camera.dir/src/sensor_params.cpp.o[0m
[5.788s] [ 45%] [32mBuilding CXX object CMakeFiles/realsense2_camera.dir/src/ros_utils.cpp.o[0m
[5.788s] [ 45%] [32mBuilding CXX object CMakeFiles/realsense2_camera.dir/src/realsense_node_factory.cpp.o[0m
[5.789s] [ 50%] [32mBuilding CXX object CMakeFiles/realsense2_camera.dir/src/image_publisher.cpp.o[0m
[5.789s] [ 54%] [32mBuilding CXX object CMakeFiles/realsense2_camera.dir/src/dynamic_params.cpp.o[0m
[5.789s] [ 59%] [32mBuilding CXX object CMakeFiles/realsense2_camera.dir/src/profile_manager.cpp.o[0m
[5.790s] [ 63%] [32mBuilding CXX object CMakeFiles/realsense2_camera.dir/src/tfs.cpp.o[0m
[5.790s] [ 68%] [32mBuilding CXX object CMakeFiles/realsense2_camera.dir/src/ros_param_backend.cpp.o[0m
[5.791s] [ 72%] [32mBuilding CXX object CMakeFiles/realsense2_camera.dir/src/named_filter.cpp.o[0m
[6.475s] [ 77%] [32m[1mLinking CXX static library libgtest_main.a[0m
[6.527s] [ 77%] Built target gtest_main
[10.271s] [ 81%] [32m[1mLinking CXX executable realsense2_camera_node[0m
[10.399s] [ 81%] Built target realsense2_camera_node
[13.263s] [ 86%] [32m[1mLinking CXX static library libgtest.a[0m
[13.308s] [ 86%] Built target gtest
[13.328s] [ 90%] [32mBuilding CXX object CMakeFiles/gtest_template.dir/test/gtest_template.cpp.o[0m
[13.976s] [ 95%] [32m[1mLinking CXX executable gtest_template[0m
[14.073s] [ 95%] Built target gtest_template
[18.994s] [100%] [32m[1mLinking CXX shared library librealsense2_camera.so[0m
[19.256s] [100%] Built target realsense2_camera
[19.268s] Invoked command in '/home/derek/work/build/realsense2_camera' returned '0': AMENT_PREFIX_PATH=/home/derek/work/install/realsense2_camera_msgs:${AMENT_PREFIX_PATH} CMAKE_PREFIX_PATH=/home/derek/work/install/realsense2_camera_msgs:/opt/ros/humble LD_LIBRARY_PATH=/home/derek/work/install/realsense2_camera_msgs/lib:${LD_LIBRARY_PATH} PYTHONPATH=/home/derek/work/install/realsense2_camera_msgs/local/lib/python3.10/dist-packages:${PYTHONPATH} /usr/bin/cmake --build /home/derek/work/build/realsense2_camera -- -j16 -l16
[19.323s] Invoking command in '/home/derek/work/build/realsense2_camera': AMENT_PREFIX_PATH=/home/derek/work/install/realsense2_camera_msgs:${AMENT_PREFIX_PATH} CMAKE_PREFIX_PATH=/home/derek/work/install/realsense2_camera_msgs:/opt/ros/humble LD_LIBRARY_PATH=/home/derek/work/install/realsense2_camera_msgs/lib:${LD_LIBRARY_PATH} PYTHONPATH=/home/derek/work/install/realsense2_camera_msgs/local/lib/python3.10/dist-packages:${PYTHONPATH} /usr/bin/cmake --install /home/derek/work/build/realsense2_camera
[19.330s] -- Install configuration: "Release"
[19.330s] -- Installing: /home/derek/work/install/realsense2_camera/lib/realsense2_camera/realsense2_camera_node
[19.331s] -- Set runtime path of "/home/derek/work/install/realsense2_camera/lib/realsense2_camera/realsense2_camera_node" to ""
[19.331s] -- Installing: /home/derek/work/install/realsense2_camera/lib/librealsense2_camera.so
[19.333s] -- Set runtime path of "/home/derek/work/install/realsense2_camera/lib/librealsense2_camera.so" to ""
[19.334s] -- Installing: /home/derek/work/install/realsense2_camera/include
[19.334s] -- Installing: /home/derek/work/install/realsense2_camera/include/ros_sensor.h
[19.334s] -- Installing: /home/derek/work/install/realsense2_camera/include/base_realsense_node.h
[19.334s] -- Installing: /home/derek/work/install/realsense2_camera/include/dynamic_params.h
[19.334s] -- Installing: /home/derek/work/install/realsense2_camera/include/ros_param_backend.h
[19.334s] -- Installing: /home/derek/work/install/realsense2_camera/include/ros_utils.h
[19.334s] -- Installing: /home/derek/work/install/realsense2_camera/include/named_filter.h
[19.334s] -- Installing: /home/derek/work/install/realsense2_camera/include/sensor_params.h
[19.334s] -- Installing: /home/derek/work/install/realsense2_camera/include/realsense_node_factory.h
[19.335s] -- Installing: /home/derek/work/install/realsense2_camera/include/image_publisher.h
[19.335s] -- Installing: /home/derek/work/install/realsense2_camera/include/constants.h
[19.335s] -- Installing: /home/derek/work/install/realsense2_camera/include/profile_manager.h
[19.335s] -- Installing: /home/derek/work/install/realsense2_camera/share/realsense2_camera/launch
[19.335s] -- Installing: /home/derek/work/install/realsense2_camera/share/realsense2_camera/launch/rs_multi_camera_launch.py
[19.335s] -- Installing: /home/derek/work/install/realsense2_camera/share/realsense2_camera/launch/rs_launch.py
[19.335s] -- Installing: /home/derek/work/install/realsense2_camera/share/realsense2_camera/launch/rs_intra_process_demo_launch.py
[19.335s] -- Installing: /home/derek/work/install/realsense2_camera/share/realsense2_camera/launch/default.rviz
[19.335s] -- Installing: /home/derek/work/install/realsense2_camera/share/realsense2_camera/examples
[19.335s] -- Installing: /home/derek/work/install/realsense2_camera/share/realsense2_camera/examples/launch_params_from_file
[19.336s] -- Installing: /home/derek/work/install/realsense2_camera/share/realsense2_camera/examples/launch_params_from_file/rs_launch_get_params_from_yaml.py
[19.336s] -- Installing: /home/derek/work/install/realsense2_camera/share/realsense2_camera/examples/launch_params_from_file/README.md
[19.336s] -- Installing: /home/derek/work/install/realsense2_camera/share/realsense2_camera/examples/launch_params_from_file/config
[19.336s] -- Installing: /home/derek/work/install/realsense2_camera/share/realsense2_camera/examples/launch_params_from_file/config/config.yaml
[19.336s] -- Installing: /home/derek/work/install/realsense2_camera/share/realsense2_camera/examples/align_depth
[19.336s] -- Installing: /home/derek/work/install/realsense2_camera/share/realsense2_camera/examples/align_depth/README.md
[19.336s] -- Installing: /home/derek/work/install/realsense2_camera/share/realsense2_camera/examples/align_depth/rs_align_depth_launch.py
[19.336s] -- Installing: /home/derek/work/install/realsense2_camera/share/realsense2_camera/examples/dual_camera
[19.336s] -- Installing: /home/derek/work/install/realsense2_camera/share/realsense2_camera/examples/dual_camera/rs_dual_camera_launch.py
[19.336s] -- Installing: /home/derek/work/install/realsense2_camera/share/realsense2_camera/examples/dual_camera/rviz
[19.337s] -- Installing: /home/derek/work/install/realsense2_camera/share/realsense2_camera/examples/dual_camera/rviz/dual_camera_pointcloud.rviz
[19.337s] -- Installing: /home/derek/work/install/realsense2_camera/share/realsense2_camera/examples/dual_camera/README.md
[19.337s] -- Installing: /home/derek/work/install/realsense2_camera/share/realsense2_camera/examples/pointcloud
[19.337s] -- Installing: /home/derek/work/install/realsense2_camera/share/realsense2_camera/examples/pointcloud/rviz
[19.337s] -- Installing: /home/derek/work/install/realsense2_camera/share/realsense2_camera/examples/pointcloud/rviz/pointcloud.rviz
[19.337s] -- Installing: /home/derek/work/install/realsense2_camera/share/realsense2_camera/examples/pointcloud/rviz/urdf_pointcloud.rviz
[19.337s] -- Installing: /home/derek/work/install/realsense2_camera/share/realsense2_camera/examples/pointcloud/README.md
[19.337s] -- Installing: /home/derek/work/install/realsense2_camera/share/realsense2_camera/examples/pointcloud/rs_pointcloud_launch.py
[19.337s] -- Installing: /home/derek/work/install/realsense2_camera/share/realsense2_camera/examples/pointcloud/rs_d455_pointcloud_launch.py
[19.337s] -- Installing: /home/derek/work/install/realsense2_camera/share/realsense2_camera/examples/pointcloud/rs_d405_pointcloud_launch.py
[19.338s] -- Installing: /home/derek/work/install/realsense2_camera/share/realsense2_camera/examples/launch_from_rosbag
[19.338s] -- Installing: /home/derek/work/install/realsense2_camera/share/realsense2_camera/examples/launch_from_rosbag/README.md
[19.338s] -- Installing: /home/derek/work/install/realsense2_camera/share/realsense2_camera/examples/launch_from_rosbag/rs_launch_from_rosbag.py
[19.338s] -- Installing: /home/derek/work/install/realsense2_camera/share/realsense2_camera/environment/library_path.sh
[19.338s] -- Installing: /home/derek/work/install/realsense2_camera/share/realsense2_camera/environment/library_path.dsv
[19.338s] -- Installing: /home/derek/work/install/realsense2_camera/share/ament_index/resource_index/package_run_dependencies/realsense2_camera
[19.338s] -- Installing: /home/derek/work/install/realsense2_camera/share/ament_index/resource_index/parent_prefix_path/realsense2_camera
[19.338s] -- Installing: /home/derek/work/install/realsense2_camera/share/realsense2_camera/environment/ament_prefix_path.sh
[19.338s] -- Installing: /home/derek/work/install/realsense2_camera/share/realsense2_camera/environment/ament_prefix_path.dsv
[19.339s] -- Installing: /home/derek/work/install/realsense2_camera/share/realsense2_camera/environment/path.sh
[19.339s] -- Installing: /home/derek/work/install/realsense2_camera/share/realsense2_camera/environment/path.dsv
[19.339s] -- Installing: /home/derek/work/install/realsense2_camera/share/realsense2_camera/local_setup.bash
[19.339s] -- Installing: /home/derek/work/install/realsense2_camera/share/realsense2_camera/local_setup.sh
[19.339s] -- Installing: /home/derek/work/install/realsense2_camera/share/realsense2_camera/local_setup.zsh
[19.339s] -- Installing: /home/derek/work/install/realsense2_camera/share/realsense2_camera/local_setup.dsv
[19.339s] -- Installing: /home/derek/work/install/realsense2_camera/share/realsense2_camera/package.dsv
[19.339s] -- Installing: /home/derek/work/install/realsense2_camera/share/ament_index/resource_index/packages/realsense2_camera
[19.339s] -- Installing: /home/derek/work/install/realsense2_camera/share/ament_index/resource_index/rclcpp_components/realsense2_camera
[19.339s] -- Installing: /home/derek/work/install/realsense2_camera/share/realsense2_camera/cmake/ament_cmake_export_include_directories-extras.cmake
[19.339s] -- Installing: /home/derek/work/install/realsense2_camera/share/realsense2_camera/cmake/ament_cmake_export_libraries-extras.cmake
[19.340s] -- Installing: /home/derek/work/install/realsense2_camera/share/realsense2_camera/cmake/ament_cmake_export_dependencies-extras.cmake
[19.340s] -- Installing: /home/derek/work/install/realsense2_camera/share/realsense2_camera/cmake/realsense2_cameraConfig.cmake
[19.340s] -- Installing: /home/derek/work/install/realsense2_camera/share/realsense2_camera/cmake/realsense2_cameraConfig-version.cmake
[19.340s] -- Installing: /home/derek/work/install/realsense2_camera/share/realsense2_camera/package.xml
[19.341s] Invoked command in '/home/derek/work/build/realsense2_camera' returned '0': AMENT_PREFIX_PATH=/home/derek/work/install/realsense2_camera_msgs:${AMENT_PREFIX_PATH} CMAKE_PREFIX_PATH=/home/derek/work/install/realsense2_camera_msgs:/opt/ros/humble LD_LIBRARY_PATH=/home/derek/work/install/realsense2_camera_msgs/lib:${LD_LIBRARY_PATH} PYTHONPATH=/home/derek/work/install/realsense2_camera_msgs/local/lib/python3.10/dist-packages:${PYTHONPATH} /usr/bin/cmake --install /home/derek/work/build/realsense2_camera
