/home/derek/work/install/mmdet/lib/python3.10/site-packages/mmdet/__init__.py
/home/derek/work/install/mmdet/lib/python3.10/site-packages/mmdet/version.py
/home/derek/work/install/mmdet/lib/python3.10/site-packages/mmdet/utils/util_mixins.py
/home/derek/work/install/mmdet/lib/python3.10/site-packages/mmdet/utils/profiling.py
/home/derek/work/install/mmdet/lib/python3.10/site-packages/mmdet/utils/setup_env.py
/home/derek/work/install/mmdet/lib/python3.10/site-packages/mmdet/utils/util_distribution.py
/home/derek/work/install/mmdet/lib/python3.10/site-packages/mmdet/utils/__init__.py
/home/derek/work/install/mmdet/lib/python3.10/site-packages/mmdet/utils/util_random.py
/home/derek/work/install/mmdet/lib/python3.10/site-packages/mmdet/utils/rfnext.py
/home/derek/work/install/mmdet/lib/python3.10/site-packages/mmdet/utils/split_batch.py
/home/derek/work/install/mmdet/lib/python3.10/site-packages/mmdet/utils/replace_cfg_vals.py
/home/derek/work/install/mmdet/lib/python3.10/site-packages/mmdet/utils/ascend_util.py
/home/derek/work/install/mmdet/lib/python3.10/site-packages/mmdet/utils/logger.py
/home/derek/work/install/mmdet/lib/python3.10/site-packages/mmdet/utils/memory.py
/home/derek/work/install/mmdet/lib/python3.10/site-packages/mmdet/utils/compat_config.py
/home/derek/work/install/mmdet/lib/python3.10/site-packages/mmdet/utils/collect_env.py
/home/derek/work/install/mmdet/lib/python3.10/site-packages/mmdet/utils/contextmanagers.py
/home/derek/work/install/mmdet/lib/python3.10/site-packages/mmdet/utils/misc.py
/home/derek/work/install/mmdet/lib/python3.10/site-packages/mmdet/apis/__init__.py
/home/derek/work/install/mmdet/lib/python3.10/site-packages/mmdet/apis/test.py
/home/derek/work/install/mmdet/lib/python3.10/site-packages/mmdet/apis/inference.py
/home/derek/work/install/mmdet/lib/python3.10/site-packages/mmdet/apis/train.py
/home/derek/work/install/mmdet/lib/python3.10/site-packages/mmdet/core/__init__.py
/home/derek/work/install/mmdet/lib/python3.10/site-packages/mmdet/models/__init__.py
/home/derek/work/install/mmdet/lib/python3.10/site-packages/mmdet/models/builder.py
/home/derek/work/install/mmdet/lib/python3.10/site-packages/mmdet/datasets/custom.py
/home/derek/work/install/mmdet/lib/python3.10/site-packages/mmdet/datasets/wider_face.py
/home/derek/work/install/mmdet/lib/python3.10/site-packages/mmdet/datasets/coco_occluded.py
/home/derek/work/install/mmdet/lib/python3.10/site-packages/mmdet/datasets/voc.py
/home/derek/work/install/mmdet/lib/python3.10/site-packages/mmdet/datasets/deepfashion.py
/home/derek/work/install/mmdet/lib/python3.10/site-packages/mmdet/datasets/__init__.py
/home/derek/work/install/mmdet/lib/python3.10/site-packages/mmdet/datasets/coco_panoptic.py
/home/derek/work/install/mmdet/lib/python3.10/site-packages/mmdet/datasets/lvis.py
/home/derek/work/install/mmdet/lib/python3.10/site-packages/mmdet/datasets/utils.py
/home/derek/work/install/mmdet/lib/python3.10/site-packages/mmdet/datasets/coco.py
/home/derek/work/install/mmdet/lib/python3.10/site-packages/mmdet/datasets/xml_style.py
/home/derek/work/install/mmdet/lib/python3.10/site-packages/mmdet/datasets/pallet_data.py
/home/derek/work/install/mmdet/lib/python3.10/site-packages/mmdet/datasets/builder.py
/home/derek/work/install/mmdet/lib/python3.10/site-packages/mmdet/datasets/objects365.py
/home/derek/work/install/mmdet/lib/python3.10/site-packages/mmdet/datasets/dataset_wrappers.py
/home/derek/work/install/mmdet/lib/python3.10/site-packages/mmdet/datasets/cityscapes.py
/home/derek/work/install/mmdet/lib/python3.10/site-packages/mmdet/datasets/openimages.py
/home/derek/work/install/mmdet/lib/python3.10/site-packages/mmdet/core/utils/dist_utils.py
/home/derek/work/install/mmdet/lib/python3.10/site-packages/mmdet/core/utils/__init__.py
/home/derek/work/install/mmdet/lib/python3.10/site-packages/mmdet/core/utils/misc.py
/home/derek/work/install/mmdet/lib/python3.10/site-packages/mmdet/core/export/__init__.py
/home/derek/work/install/mmdet/lib/python3.10/site-packages/mmdet/core/export/pytorch2onnx.py
/home/derek/work/install/mmdet/lib/python3.10/site-packages/mmdet/core/export/model_wrappers.py
/home/derek/work/install/mmdet/lib/python3.10/site-packages/mmdet/core/export/onnx_helper.py
/home/derek/work/install/mmdet/lib/python3.10/site-packages/mmdet/core/visualization/__init__.py
/home/derek/work/install/mmdet/lib/python3.10/site-packages/mmdet/core/visualization/image.py
/home/derek/work/install/mmdet/lib/python3.10/site-packages/mmdet/core/visualization/palette.py
/home/derek/work/install/mmdet/lib/python3.10/site-packages/mmdet/core/data_structures/general_data.py
/home/derek/work/install/mmdet/lib/python3.10/site-packages/mmdet/core/data_structures/__init__.py
/home/derek/work/install/mmdet/lib/python3.10/site-packages/mmdet/core/data_structures/instance_data.py
/home/derek/work/install/mmdet/lib/python3.10/site-packages/mmdet/core/post_processing/merge_augs.py
/home/derek/work/install/mmdet/lib/python3.10/site-packages/mmdet/core/post_processing/bbox_nms.py
/home/derek/work/install/mmdet/lib/python3.10/site-packages/mmdet/core/post_processing/matrix_nms.py
/home/derek/work/install/mmdet/lib/python3.10/site-packages/mmdet/core/post_processing/__init__.py
/home/derek/work/install/mmdet/lib/python3.10/site-packages/mmdet/core/evaluation/bbox_overlaps.py
/home/derek/work/install/mmdet/lib/python3.10/site-packages/mmdet/core/evaluation/recall.py
/home/derek/work/install/mmdet/lib/python3.10/site-packages/mmdet/core/evaluation/__init__.py
/home/derek/work/install/mmdet/lib/python3.10/site-packages/mmdet/core/evaluation/eval_hooks.py
/home/derek/work/install/mmdet/lib/python3.10/site-packages/mmdet/core/evaluation/panoptic_utils.py
/home/derek/work/install/mmdet/lib/python3.10/site-packages/mmdet/core/evaluation/class_names.py
/home/derek/work/install/mmdet/lib/python3.10/site-packages/mmdet/core/evaluation/mean_ap.py
/home/derek/work/install/mmdet/lib/python3.10/site-packages/mmdet/core/optimizers/__init__.py
/home/derek/work/install/mmdet/lib/python3.10/site-packages/mmdet/core/optimizers/layer_decay_optimizer_constructor.py
/home/derek/work/install/mmdet/lib/python3.10/site-packages/mmdet/core/optimizers/builder.py
/home/derek/work/install/mmdet/lib/python3.10/site-packages/mmdet/core/hook/ema.py
/home/derek/work/install/mmdet/lib/python3.10/site-packages/mmdet/core/hook/memory_profiler_hook.py
/home/derek/work/install/mmdet/lib/python3.10/site-packages/mmdet/core/hook/sync_norm_hook.py
/home/derek/work/install/mmdet/lib/python3.10/site-packages/mmdet/core/hook/yolox_lrupdater_hook.py
/home/derek/work/install/mmdet/lib/python3.10/site-packages/mmdet/core/hook/__init__.py
/home/derek/work/install/mmdet/lib/python3.10/site-packages/mmdet/core/hook/set_epoch_info_hook.py
/home/derek/work/install/mmdet/lib/python3.10/site-packages/mmdet/core/hook/checkloss_hook.py
/home/derek/work/install/mmdet/lib/python3.10/site-packages/mmdet/core/hook/sync_random_size_hook.py
/home/derek/work/install/mmdet/lib/python3.10/site-packages/mmdet/core/hook/wandblogger_hook.py
/home/derek/work/install/mmdet/lib/python3.10/site-packages/mmdet/core/hook/yolox_mode_switch_hook.py
/home/derek/work/install/mmdet/lib/python3.10/site-packages/mmdet/core/mask/mask_target.py
/home/derek/work/install/mmdet/lib/python3.10/site-packages/mmdet/core/mask/structures.py
/home/derek/work/install/mmdet/lib/python3.10/site-packages/mmdet/core/mask/__init__.py
/home/derek/work/install/mmdet/lib/python3.10/site-packages/mmdet/core/mask/utils.py
/home/derek/work/install/mmdet/lib/python3.10/site-packages/mmdet/core/anchor/__init__.py
/home/derek/work/install/mmdet/lib/python3.10/site-packages/mmdet/core/anchor/utils.py
/home/derek/work/install/mmdet/lib/python3.10/site-packages/mmdet/core/anchor/point_generator.py
/home/derek/work/install/mmdet/lib/python3.10/site-packages/mmdet/core/anchor/builder.py
/home/derek/work/install/mmdet/lib/python3.10/site-packages/mmdet/core/anchor/anchor_generator.py
/home/derek/work/install/mmdet/lib/python3.10/site-packages/mmdet/core/bbox/transforms.py
/home/derek/work/install/mmdet/lib/python3.10/site-packages/mmdet/core/bbox/__init__.py
/home/derek/work/install/mmdet/lib/python3.10/site-packages/mmdet/core/bbox/builder.py
/home/derek/work/install/mmdet/lib/python3.10/site-packages/mmdet/core/bbox/demodata.py
/home/derek/work/install/mmdet/lib/python3.10/site-packages/mmdet/core/bbox/coder/distance_point_bbox_coder.py
/home/derek/work/install/mmdet/lib/python3.10/site-packages/mmdet/core/bbox/coder/pseudo_bbox_coder.py
/home/derek/work/install/mmdet/lib/python3.10/site-packages/mmdet/core/bbox/coder/delta_xywh_bbox_coder.py
/home/derek/work/install/mmdet/lib/python3.10/site-packages/mmdet/core/bbox/coder/yolo_bbox_coder.py
/home/derek/work/install/mmdet/lib/python3.10/site-packages/mmdet/core/bbox/coder/base_bbox_coder.py
/home/derek/work/install/mmdet/lib/python3.10/site-packages/mmdet/core/bbox/coder/__init__.py
/home/derek/work/install/mmdet/lib/python3.10/site-packages/mmdet/core/bbox/coder/tblr_bbox_coder.py
/home/derek/work/install/mmdet/lib/python3.10/site-packages/mmdet/core/bbox/coder/bucketing_bbox_coder.py
/home/derek/work/install/mmdet/lib/python3.10/site-packages/mmdet/core/bbox/coder/legacy_delta_xywh_bbox_coder.py
/home/derek/work/install/mmdet/lib/python3.10/site-packages/mmdet/core/bbox/match_costs/__init__.py
/home/derek/work/install/mmdet/lib/python3.10/site-packages/mmdet/core/bbox/match_costs/builder.py
/home/derek/work/install/mmdet/lib/python3.10/site-packages/mmdet/core/bbox/match_costs/match_cost.py
/home/derek/work/install/mmdet/lib/python3.10/site-packages/mmdet/core/bbox/assigners/base_assigner.py
/home/derek/work/install/mmdet/lib/python3.10/site-packages/mmdet/core/bbox/assigners/ascend_assign_result.py
/home/derek/work/install/mmdet/lib/python3.10/site-packages/mmdet/core/bbox/assigners/hungarian_assigner.py
/home/derek/work/install/mmdet/lib/python3.10/site-packages/mmdet/core/bbox/assigners/center_region_assigner.py
/home/derek/work/install/mmdet/lib/python3.10/site-packages/mmdet/core/bbox/assigners/sim_ota_assigner.py
/home/derek/work/install/mmdet/lib/python3.10/site-packages/mmdet/core/bbox/assigners/region_assigner.py
/home/derek/work/install/mmdet/lib/python3.10/site-packages/mmdet/core/bbox/assigners/atss_assigner.py
/home/derek/work/install/mmdet/lib/python3.10/site-packages/mmdet/core/bbox/assigners/point_assigner.py
/home/derek/work/install/mmdet/lib/python3.10/site-packages/mmdet/core/bbox/assigners/mask_hungarian_assigner.py
/home/derek/work/install/mmdet/lib/python3.10/site-packages/mmdet/core/bbox/assigners/task_aligned_assigner.py
/home/derek/work/install/mmdet/lib/python3.10/site-packages/mmdet/core/bbox/assigners/__init__.py
/home/derek/work/install/mmdet/lib/python3.10/site-packages/mmdet/core/bbox/assigners/grid_assigner.py
/home/derek/work/install/mmdet/lib/python3.10/site-packages/mmdet/core/bbox/assigners/uniform_assigner.py
/home/derek/work/install/mmdet/lib/python3.10/site-packages/mmdet/core/bbox/assigners/max_iou_assigner.py
/home/derek/work/install/mmdet/lib/python3.10/site-packages/mmdet/core/bbox/assigners/assign_result.py
/home/derek/work/install/mmdet/lib/python3.10/site-packages/mmdet/core/bbox/assigners/ascend_max_iou_assigner.py
/home/derek/work/install/mmdet/lib/python3.10/site-packages/mmdet/core/bbox/assigners/approx_max_iou_assigner.py
/home/derek/work/install/mmdet/lib/python3.10/site-packages/mmdet/core/bbox/samplers/score_hlr_sampler.py
/home/derek/work/install/mmdet/lib/python3.10/site-packages/mmdet/core/bbox/samplers/random_sampler.py
/home/derek/work/install/mmdet/lib/python3.10/site-packages/mmdet/core/bbox/samplers/base_sampler.py
/home/derek/work/install/mmdet/lib/python3.10/site-packages/mmdet/core/bbox/samplers/instance_balanced_pos_sampler.py
/home/derek/work/install/mmdet/lib/python3.10/site-packages/mmdet/core/bbox/samplers/combined_sampler.py
/home/derek/work/install/mmdet/lib/python3.10/site-packages/mmdet/core/bbox/samplers/ohem_sampler.py
/home/derek/work/install/mmdet/lib/python3.10/site-packages/mmdet/core/bbox/samplers/sampling_result.py
/home/derek/work/install/mmdet/lib/python3.10/site-packages/mmdet/core/bbox/samplers/pseudo_sampler.py
/home/derek/work/install/mmdet/lib/python3.10/site-packages/mmdet/core/bbox/samplers/__init__.py
/home/derek/work/install/mmdet/lib/python3.10/site-packages/mmdet/core/bbox/samplers/mask_pseudo_sampler.py
/home/derek/work/install/mmdet/lib/python3.10/site-packages/mmdet/core/bbox/samplers/mask_sampling_result.py
/home/derek/work/install/mmdet/lib/python3.10/site-packages/mmdet/core/bbox/samplers/iou_balanced_neg_sampler.py
/home/derek/work/install/mmdet/lib/python3.10/site-packages/mmdet/core/bbox/iou_calculators/iou2d_calculator.py
/home/derek/work/install/mmdet/lib/python3.10/site-packages/mmdet/core/bbox/iou_calculators/__init__.py
/home/derek/work/install/mmdet/lib/python3.10/site-packages/mmdet/core/bbox/iou_calculators/builder.py
/home/derek/work/install/mmdet/lib/python3.10/site-packages/mmdet/models/dense_heads/base_mask_head.py
/home/derek/work/install/mmdet/lib/python3.10/site-packages/mmdet/models/dense_heads/centripetal_head.py
/home/derek/work/install/mmdet/lib/python3.10/site-packages/mmdet/models/dense_heads/rpn_head.py
/home/derek/work/install/mmdet/lib/python3.10/site-packages/mmdet/models/dense_heads/yolact_head.py
/home/derek/work/install/mmdet/lib/python3.10/site-packages/mmdet/models/dense_heads/vfnet_head.py
/home/derek/work/install/mmdet/lib/python3.10/site-packages/mmdet/models/dense_heads/fovea_head.py
/home/derek/work/install/mmdet/lib/python3.10/site-packages/mmdet/models/dense_heads/ascend_retina_head.py
/home/derek/work/install/mmdet/lib/python3.10/site-packages/mmdet/models/dense_heads/lad_head.py
/home/derek/work/install/mmdet/lib/python3.10/site-packages/mmdet/models/dense_heads/solo_head.py
/home/derek/work/install/mmdet/lib/python3.10/site-packages/mmdet/models/dense_heads/ddod_head.py
/home/derek/work/install/mmdet/lib/python3.10/site-packages/mmdet/models/dense_heads/retina_head.py
/home/derek/work/install/mmdet/lib/python3.10/site-packages/mmdet/models/dense_heads/ga_retina_head.py
/home/derek/work/install/mmdet/lib/python3.10/site-packages/mmdet/models/dense_heads/cascade_rpn_head.py
/home/derek/work/install/mmdet/lib/python3.10/site-packages/mmdet/models/dense_heads/ssd_head.py
/home/derek/work/install/mmdet/lib/python3.10/site-packages/mmdet/models/dense_heads/dense_test_mixins.py
/home/derek/work/install/mmdet/lib/python3.10/site-packages/mmdet/models/dense_heads/reppoints_head.py
/home/derek/work/install/mmdet/lib/python3.10/site-packages/mmdet/models/dense_heads/__init__.py
/home/derek/work/install/mmdet/lib/python3.10/site-packages/mmdet/models/dense_heads/anchor_free_head.py
/home/derek/work/install/mmdet/lib/python3.10/site-packages/mmdet/models/dense_heads/yolo_head.py
/home/derek/work/install/mmdet/lib/python3.10/site-packages/mmdet/models/dense_heads/yolox_head.py
/home/derek/work/install/mmdet/lib/python3.10/site-packages/mmdet/models/dense_heads/pisa_retinanet_head.py
/home/derek/work/install/mmdet/lib/python3.10/site-packages/mmdet/models/dense_heads/deformable_detr_head.py
/home/derek/work/install/mmdet/lib/python3.10/site-packages/mmdet/models/dense_heads/sabl_retina_head.py
/home/derek/work/install/mmdet/lib/python3.10/site-packages/mmdet/models/dense_heads/guided_anchor_head.py
/home/derek/work/install/mmdet/lib/python3.10/site-packages/mmdet/models/dense_heads/ascend_ssd_head.py
/home/derek/work/install/mmdet/lib/python3.10/site-packages/mmdet/models/dense_heads/maskformer_head.py
/home/derek/work/install/mmdet/lib/python3.10/site-packages/mmdet/models/dense_heads/autoassign_head.py
/home/derek/work/install/mmdet/lib/python3.10/site-packages/mmdet/models/dense_heads/yolof_head.py
/home/derek/work/install/mmdet/lib/python3.10/site-packages/mmdet/models/dense_heads/ga_rpn_head.py
/home/derek/work/install/mmdet/lib/python3.10/site-packages/mmdet/models/dense_heads/anchor_head.py
/home/derek/work/install/mmdet/lib/python3.10/site-packages/mmdet/models/dense_heads/gfl_head.py
/home/derek/work/install/mmdet/lib/python3.10/site-packages/mmdet/models/dense_heads/nasfcos_head.py
/home/derek/work/install/mmdet/lib/python3.10/site-packages/mmdet/models/dense_heads/mask2former_head.py
/home/derek/work/install/mmdet/lib/python3.10/site-packages/mmdet/models/dense_heads/tood_head.py
/home/derek/work/install/mmdet/lib/python3.10/site-packages/mmdet/models/dense_heads/fcos_head.py
/home/derek/work/install/mmdet/lib/python3.10/site-packages/mmdet/models/dense_heads/centernet_head.py
/home/derek/work/install/mmdet/lib/python3.10/site-packages/mmdet/models/dense_heads/atss_head.py
/home/derek/work/install/mmdet/lib/python3.10/site-packages/mmdet/models/dense_heads/ld_head.py
/home/derek/work/install/mmdet/lib/python3.10/site-packages/mmdet/models/dense_heads/corner_head.py
/home/derek/work/install/mmdet/lib/python3.10/site-packages/mmdet/models/dense_heads/detr_head.py
/home/derek/work/install/mmdet/lib/python3.10/site-packages/mmdet/models/dense_heads/fsaf_head.py
/home/derek/work/install/mmdet/lib/python3.10/site-packages/mmdet/models/dense_heads/paa_head.py
/home/derek/work/install/mmdet/lib/python3.10/site-packages/mmdet/models/dense_heads/solov2_head.py
/home/derek/work/install/mmdet/lib/python3.10/site-packages/mmdet/models/dense_heads/embedding_rpn_head.py
/home/derek/work/install/mmdet/lib/python3.10/site-packages/mmdet/models/dense_heads/retina_sepbn_head.py
/home/derek/work/install/mmdet/lib/python3.10/site-packages/mmdet/models/dense_heads/ascend_anchor_head.py
/home/derek/work/install/mmdet/lib/python3.10/site-packages/mmdet/models/dense_heads/free_anchor_retina_head.py
/home/derek/work/install/mmdet/lib/python3.10/site-packages/mmdet/models/dense_heads/pisa_ssd_head.py
/home/derek/work/install/mmdet/lib/python3.10/site-packages/mmdet/models/dense_heads/base_dense_head.py
/home/derek/work/install/mmdet/lib/python3.10/site-packages/mmdet/models/utils/panoptic_gt_processing.py
/home/derek/work/install/mmdet/lib/python3.10/site-packages/mmdet/models/utils/conv_upsample.py
/home/derek/work/install/mmdet/lib/python3.10/site-packages/mmdet/models/utils/gaussian_target.py
/home/derek/work/install/mmdet/lib/python3.10/site-packages/mmdet/models/utils/res_layer.py
/home/derek/work/install/mmdet/lib/python3.10/site-packages/mmdet/models/utils/point_sample.py
/home/derek/work/install/mmdet/lib/python3.10/site-packages/mmdet/models/utils/positional_encoding.py
/home/derek/work/install/mmdet/lib/python3.10/site-packages/mmdet/models/utils/csp_layer.py
/home/derek/work/install/mmdet/lib/python3.10/site-packages/mmdet/models/utils/se_layer.py
/home/derek/work/install/mmdet/lib/python3.10/site-packages/mmdet/models/utils/__init__.py
/home/derek/work/install/mmdet/lib/python3.10/site-packages/mmdet/models/utils/brick_wrappers.py
/home/derek/work/install/mmdet/lib/python3.10/site-packages/mmdet/models/utils/transformer.py
/home/derek/work/install/mmdet/lib/python3.10/site-packages/mmdet/models/utils/builder.py
/home/derek/work/install/mmdet/lib/python3.10/site-packages/mmdet/models/utils/normed_predictor.py
/home/derek/work/install/mmdet/lib/python3.10/site-packages/mmdet/models/utils/make_divisible.py
/home/derek/work/install/mmdet/lib/python3.10/site-packages/mmdet/models/utils/ckpt_convert.py
/home/derek/work/install/mmdet/lib/python3.10/site-packages/mmdet/models/utils/inverted_residual.py
/home/derek/work/install/mmdet/lib/python3.10/site-packages/mmdet/models/utils/misc.py
/home/derek/work/install/mmdet/lib/python3.10/site-packages/mmdet/models/roi_heads/point_rend_roi_head.py
/home/derek/work/install/mmdet/lib/python3.10/site-packages/mmdet/models/roi_heads/scnet_roi_head.py
/home/derek/work/install/mmdet/lib/python3.10/site-packages/mmdet/models/roi_heads/pisa_roi_head.py
/home/derek/work/install/mmdet/lib/python3.10/site-packages/mmdet/models/roi_heads/trident_roi_head.py
/home/derek/work/install/mmdet/lib/python3.10/site-packages/mmdet/models/roi_heads/htc_roi_head.py
/home/derek/work/install/mmdet/lib/python3.10/site-packages/mmdet/models/roi_heads/mask_scoring_roi_head.py
/home/derek/work/install/mmdet/lib/python3.10/site-packages/mmdet/models/roi_heads/standard_roi_head.py
/home/derek/work/install/mmdet/lib/python3.10/site-packages/mmdet/models/roi_heads/__init__.py
/home/derek/work/install/mmdet/lib/python3.10/site-packages/mmdet/models/roi_heads/dynamic_roi_head.py
/home/derek/work/install/mmdet/lib/python3.10/site-packages/mmdet/models/roi_heads/base_roi_head.py
/home/derek/work/install/mmdet/lib/python3.10/site-packages/mmdet/models/roi_heads/double_roi_head.py
/home/derek/work/install/mmdet/lib/python3.10/site-packages/mmdet/models/roi_heads/cascade_roi_head.py
/home/derek/work/install/mmdet/lib/python3.10/site-packages/mmdet/models/roi_heads/sparse_roi_head.py
/home/derek/work/install/mmdet/lib/python3.10/site-packages/mmdet/models/roi_heads/grid_roi_head.py
/home/derek/work/install/mmdet/lib/python3.10/site-packages/mmdet/models/roi_heads/test_mixins.py
/home/derek/work/install/mmdet/lib/python3.10/site-packages/mmdet/models/seg_heads/base_semantic_head.py
/home/derek/work/install/mmdet/lib/python3.10/site-packages/mmdet/models/seg_heads/__init__.py
/home/derek/work/install/mmdet/lib/python3.10/site-packages/mmdet/models/seg_heads/panoptic_fpn_head.py
/home/derek/work/install/mmdet/lib/python3.10/site-packages/mmdet/models/backbones/detectors_resnet.py
/home/derek/work/install/mmdet/lib/python3.10/site-packages/mmdet/models/backbones/hourglass.py
/home/derek/work/install/mmdet/lib/python3.10/site-packages/mmdet/models/backbones/detectors_resnext.py
/home/derek/work/install/mmdet/lib/python3.10/site-packages/mmdet/models/backbones/swin.py
/home/derek/work/install/mmdet/lib/python3.10/site-packages/mmdet/models/backbones/__init__.py
/home/derek/work/install/mmdet/lib/python3.10/site-packages/mmdet/models/backbones/hrnet.py
/home/derek/work/install/mmdet/lib/python3.10/site-packages/mmdet/models/backbones/mobilenet_v2.py
/home/derek/work/install/mmdet/lib/python3.10/site-packages/mmdet/models/backbones/trident_resnet.py
/home/derek/work/install/mmdet/lib/python3.10/site-packages/mmdet/models/backbones/darknet.py
/home/derek/work/install/mmdet/lib/python3.10/site-packages/mmdet/models/backbones/resnest.py
/home/derek/work/install/mmdet/lib/python3.10/site-packages/mmdet/models/backbones/resnet.py
/home/derek/work/install/mmdet/lib/python3.10/site-packages/mmdet/models/backbones/regnet.py
/home/derek/work/install/mmdet/lib/python3.10/site-packages/mmdet/models/backbones/resnext.py
/home/derek/work/install/mmdet/lib/python3.10/site-packages/mmdet/models/backbones/ssd_vgg.py
/home/derek/work/install/mmdet/lib/python3.10/site-packages/mmdet/models/backbones/pvt.py
/home/derek/work/install/mmdet/lib/python3.10/site-packages/mmdet/models/backbones/efficientnet.py
/home/derek/work/install/mmdet/lib/python3.10/site-packages/mmdet/models/backbones/csp_darknet.py
/home/derek/work/install/mmdet/lib/python3.10/site-packages/mmdet/models/backbones/res2net.py
/home/derek/work/install/mmdet/lib/python3.10/site-packages/mmdet/models/necks/yolox_pafpn.py
/home/derek/work/install/mmdet/lib/python3.10/site-packages/mmdet/models/necks/ssd_neck.py
/home/derek/work/install/mmdet/lib/python3.10/site-packages/mmdet/models/necks/nasfcos_fpn.py
/home/derek/work/install/mmdet/lib/python3.10/site-packages/mmdet/models/necks/fpg.py
/home/derek/work/install/mmdet/lib/python3.10/site-packages/mmdet/models/necks/ct_resnet_neck.py
/home/derek/work/install/mmdet/lib/python3.10/site-packages/mmdet/models/necks/fpn_carafe.py
/home/derek/work/install/mmdet/lib/python3.10/site-packages/mmdet/models/necks/dilated_encoder.py
/home/derek/work/install/mmdet/lib/python3.10/site-packages/mmdet/models/necks/nas_fpn.py
/home/derek/work/install/mmdet/lib/python3.10/site-packages/mmdet/models/necks/channel_mapper.py
/home/derek/work/install/mmdet/lib/python3.10/site-packages/mmdet/models/necks/__init__.py
/home/derek/work/install/mmdet/lib/python3.10/site-packages/mmdet/models/necks/fpn.py
/home/derek/work/install/mmdet/lib/python3.10/site-packages/mmdet/models/necks/hrfpn.py
/home/derek/work/install/mmdet/lib/python3.10/site-packages/mmdet/models/necks/rfp.py
/home/derek/work/install/mmdet/lib/python3.10/site-packages/mmdet/models/necks/yolo_neck.py
/home/derek/work/install/mmdet/lib/python3.10/site-packages/mmdet/models/necks/dyhead.py
/home/derek/work/install/mmdet/lib/python3.10/site-packages/mmdet/models/necks/pafpn.py
/home/derek/work/install/mmdet/lib/python3.10/site-packages/mmdet/models/necks/bfp.py
/home/derek/work/install/mmdet/lib/python3.10/site-packages/mmdet/models/losses/balanced_l1_loss.py
/home/derek/work/install/mmdet/lib/python3.10/site-packages/mmdet/models/losses/mse_loss.py
/home/derek/work/install/mmdet/lib/python3.10/site-packages/mmdet/models/losses/smooth_l1_loss.py
/home/derek/work/install/mmdet/lib/python3.10/site-packages/mmdet/models/losses/iou_loss.py
/home/derek/work/install/mmdet/lib/python3.10/site-packages/mmdet/models/losses/gaussian_focal_loss.py
/home/derek/work/install/mmdet/lib/python3.10/site-packages/mmdet/models/losses/ae_loss.py
/home/derek/work/install/mmdet/lib/python3.10/site-packages/mmdet/models/losses/dice_loss.py
/home/derek/work/install/mmdet/lib/python3.10/site-packages/mmdet/models/losses/__init__.py
/home/derek/work/install/mmdet/lib/python3.10/site-packages/mmdet/models/losses/seesaw_loss.py
/home/derek/work/install/mmdet/lib/python3.10/site-packages/mmdet/models/losses/focal_loss.py
/home/derek/work/install/mmdet/lib/python3.10/site-packages/mmdet/models/losses/accuracy.py
/home/derek/work/install/mmdet/lib/python3.10/site-packages/mmdet/models/losses/utils.py
/home/derek/work/install/mmdet/lib/python3.10/site-packages/mmdet/models/losses/varifocal_loss.py
/home/derek/work/install/mmdet/lib/python3.10/site-packages/mmdet/models/losses/pisa_loss.py
/home/derek/work/install/mmdet/lib/python3.10/site-packages/mmdet/models/losses/kd_loss.py
/home/derek/work/install/mmdet/lib/python3.10/site-packages/mmdet/models/losses/cross_entropy_loss.py
/home/derek/work/install/mmdet/lib/python3.10/site-packages/mmdet/models/losses/gfocal_loss.py
/home/derek/work/install/mmdet/lib/python3.10/site-packages/mmdet/models/losses/ghm_loss.py
/home/derek/work/install/mmdet/lib/python3.10/site-packages/mmdet/models/detectors/faster_rcnn.py
/home/derek/work/install/mmdet/lib/python3.10/site-packages/mmdet/models/detectors/grid_rcnn.py
/home/derek/work/install/mmdet/lib/python3.10/site-packages/mmdet/models/detectors/paa.py
/home/derek/work/install/mmdet/lib/python3.10/site-packages/mmdet/models/detectors/two_stage.py
/home/derek/work/install/mmdet/lib/python3.10/site-packages/mmdet/models/detectors/trident_faster_rcnn.py
/home/derek/work/install/mmdet/lib/python3.10/site-packages/mmdet/models/detectors/nasfcos.py
/home/derek/work/install/mmdet/lib/python3.10/site-packages/mmdet/models/detectors/rpn.py
/home/derek/work/install/mmdet/lib/python3.10/site-packages/mmdet/models/detectors/autoassign.py
/home/derek/work/install/mmdet/lib/python3.10/site-packages/mmdet/models/detectors/atss.py
/home/derek/work/install/mmdet/lib/python3.10/site-packages/mmdet/models/detectors/centernet.py
/home/derek/work/install/mmdet/lib/python3.10/site-packages/mmdet/models/detectors/yolox.py
/home/derek/work/install/mmdet/lib/python3.10/site-packages/mmdet/models/detectors/fsaf.py
/home/derek/work/install/mmdet/lib/python3.10/site-packages/mmdet/models/detectors/yolact.py
/home/derek/work/install/mmdet/lib/python3.10/site-packages/mmdet/models/detectors/panoptic_two_stage_segmentor.py
/home/derek/work/install/mmdet/lib/python3.10/site-packages/mmdet/models/detectors/lad.py
/home/derek/work/install/mmdet/lib/python3.10/site-packages/mmdet/models/detectors/panoptic_fpn.py
/home/derek/work/install/mmdet/lib/python3.10/site-packages/mmdet/models/detectors/single_stage.py
/home/derek/work/install/mmdet/lib/python3.10/site-packages/mmdet/models/detectors/kd_one_stage.py
/home/derek/work/install/mmdet/lib/python3.10/site-packages/mmdet/models/detectors/reppoints_detector.py
/home/derek/work/install/mmdet/lib/python3.10/site-packages/mmdet/models/detectors/cornernet.py
/home/derek/work/install/mmdet/lib/python3.10/site-packages/mmdet/models/detectors/mask_scoring_rcnn.py
/home/derek/work/install/mmdet/lib/python3.10/site-packages/mmdet/models/detectors/solov2.py
/home/derek/work/install/mmdet/lib/python3.10/site-packages/mmdet/models/detectors/__init__.py
/home/derek/work/install/mmdet/lib/python3.10/site-packages/mmdet/models/detectors/fcos.py
/home/derek/work/install/mmdet/lib/python3.10/site-packages/mmdet/models/detectors/yolof.py
/home/derek/work/install/mmdet/lib/python3.10/site-packages/mmdet/models/detectors/mask_rcnn.py
/home/derek/work/install/mmdet/lib/python3.10/site-packages/mmdet/models/detectors/yolo.py
/home/derek/work/install/mmdet/lib/python3.10/site-packages/mmdet/models/detectors/sparse_rcnn.py
/home/derek/work/install/mmdet/lib/python3.10/site-packages/mmdet/models/detectors/maskformer.py
/home/derek/work/install/mmdet/lib/python3.10/site-packages/mmdet/models/detectors/detr.py
/home/derek/work/install/mmdet/lib/python3.10/site-packages/mmdet/models/detectors/solo.py
/home/derek/work/install/mmdet/lib/python3.10/site-packages/mmdet/models/detectors/retinanet.py
/home/derek/work/install/mmdet/lib/python3.10/site-packages/mmdet/models/detectors/scnet.py
/home/derek/work/install/mmdet/lib/python3.10/site-packages/mmdet/models/detectors/tood.py
/home/derek/work/install/mmdet/lib/python3.10/site-packages/mmdet/models/detectors/fast_rcnn.py
/home/derek/work/install/mmdet/lib/python3.10/site-packages/mmdet/models/detectors/vfnet.py
/home/derek/work/install/mmdet/lib/python3.10/site-packages/mmdet/models/detectors/htc.py
/home/derek/work/install/mmdet/lib/python3.10/site-packages/mmdet/models/detectors/deformable_detr.py
/home/derek/work/install/mmdet/lib/python3.10/site-packages/mmdet/models/detectors/gfl.py
/home/derek/work/install/mmdet/lib/python3.10/site-packages/mmdet/models/detectors/base.py
/home/derek/work/install/mmdet/lib/python3.10/site-packages/mmdet/models/detectors/queryinst.py
/home/derek/work/install/mmdet/lib/python3.10/site-packages/mmdet/models/detectors/point_rend.py
/home/derek/work/install/mmdet/lib/python3.10/site-packages/mmdet/models/detectors/single_stage_instance_seg.py
/home/derek/work/install/mmdet/lib/python3.10/site-packages/mmdet/models/detectors/ddod.py
/home/derek/work/install/mmdet/lib/python3.10/site-packages/mmdet/models/detectors/fovea.py
/home/derek/work/install/mmdet/lib/python3.10/site-packages/mmdet/models/detectors/mask2former.py
/home/derek/work/install/mmdet/lib/python3.10/site-packages/mmdet/models/detectors/cascade_rcnn.py
/home/derek/work/install/mmdet/lib/python3.10/site-packages/mmdet/models/plugins/msdeformattn_pixel_decoder.py
/home/derek/work/install/mmdet/lib/python3.10/site-packages/mmdet/models/plugins/pixel_decoder.py
/home/derek/work/install/mmdet/lib/python3.10/site-packages/mmdet/models/plugins/__init__.py
/home/derek/work/install/mmdet/lib/python3.10/site-packages/mmdet/models/plugins/dropblock.py
/home/derek/work/install/mmdet/lib/python3.10/site-packages/mmdet/models/roi_heads/bbox_heads/dii_head.py
/home/derek/work/install/mmdet/lib/python3.10/site-packages/mmdet/models/roi_heads/bbox_heads/convfc_bbox_head.py
/home/derek/work/install/mmdet/lib/python3.10/site-packages/mmdet/models/roi_heads/bbox_heads/sabl_head.py
/home/derek/work/install/mmdet/lib/python3.10/site-packages/mmdet/models/roi_heads/bbox_heads/double_bbox_head.py
/home/derek/work/install/mmdet/lib/python3.10/site-packages/mmdet/models/roi_heads/bbox_heads/__init__.py
/home/derek/work/install/mmdet/lib/python3.10/site-packages/mmdet/models/roi_heads/bbox_heads/bbox_head.py
/home/derek/work/install/mmdet/lib/python3.10/site-packages/mmdet/models/roi_heads/bbox_heads/scnet_bbox_head.py
/home/derek/work/install/mmdet/lib/python3.10/site-packages/mmdet/models/roi_heads/mask_heads/dynamic_mask_head.py
/home/derek/work/install/mmdet/lib/python3.10/site-packages/mmdet/models/roi_heads/mask_heads/mask_point_head.py
/home/derek/work/install/mmdet/lib/python3.10/site-packages/mmdet/models/roi_heads/mask_heads/fcn_mask_head.py
/home/derek/work/install/mmdet/lib/python3.10/site-packages/mmdet/models/roi_heads/mask_heads/htc_mask_head.py
/home/derek/work/install/mmdet/lib/python3.10/site-packages/mmdet/models/roi_heads/mask_heads/fused_semantic_head.py
/home/derek/work/install/mmdet/lib/python3.10/site-packages/mmdet/models/roi_heads/mask_heads/scnet_semantic_head.py
/home/derek/work/install/mmdet/lib/python3.10/site-packages/mmdet/models/roi_heads/mask_heads/feature_relay_head.py
/home/derek/work/install/mmdet/lib/python3.10/site-packages/mmdet/models/roi_heads/mask_heads/global_context_head.py
/home/derek/work/install/mmdet/lib/python3.10/site-packages/mmdet/models/roi_heads/mask_heads/__init__.py
/home/derek/work/install/mmdet/lib/python3.10/site-packages/mmdet/models/roi_heads/mask_heads/grid_head.py
/home/derek/work/install/mmdet/lib/python3.10/site-packages/mmdet/models/roi_heads/mask_heads/scnet_mask_head.py
/home/derek/work/install/mmdet/lib/python3.10/site-packages/mmdet/models/roi_heads/mask_heads/coarse_mask_head.py
/home/derek/work/install/mmdet/lib/python3.10/site-packages/mmdet/models/roi_heads/mask_heads/maskiou_head.py
/home/derek/work/install/mmdet/lib/python3.10/site-packages/mmdet/models/roi_heads/shared_heads/res_layer.py
/home/derek/work/install/mmdet/lib/python3.10/site-packages/mmdet/models/roi_heads/shared_heads/__init__.py
/home/derek/work/install/mmdet/lib/python3.10/site-packages/mmdet/models/roi_heads/roi_extractors/base_roi_extractor.py
/home/derek/work/install/mmdet/lib/python3.10/site-packages/mmdet/models/roi_heads/roi_extractors/single_level_roi_extractor.py
/home/derek/work/install/mmdet/lib/python3.10/site-packages/mmdet/models/roi_heads/roi_extractors/__init__.py
/home/derek/work/install/mmdet/lib/python3.10/site-packages/mmdet/models/roi_heads/roi_extractors/generic_roi_extractor.py
/home/derek/work/install/mmdet/lib/python3.10/site-packages/mmdet/models/seg_heads/panoptic_fusion_heads/heuristic_fusion_head.py
/home/derek/work/install/mmdet/lib/python3.10/site-packages/mmdet/models/seg_heads/panoptic_fusion_heads/maskformer_fusion_head.py
/home/derek/work/install/mmdet/lib/python3.10/site-packages/mmdet/models/seg_heads/panoptic_fusion_heads/base_panoptic_fusion_head.py
/home/derek/work/install/mmdet/lib/python3.10/site-packages/mmdet/models/seg_heads/panoptic_fusion_heads/__init__.py
/home/derek/work/install/mmdet/lib/python3.10/site-packages/mmdet/datasets/samplers/group_sampler.py
/home/derek/work/install/mmdet/lib/python3.10/site-packages/mmdet/datasets/samplers/__init__.py
/home/derek/work/install/mmdet/lib/python3.10/site-packages/mmdet/datasets/samplers/infinite_sampler.py
/home/derek/work/install/mmdet/lib/python3.10/site-packages/mmdet/datasets/samplers/class_aware_sampler.py
/home/derek/work/install/mmdet/lib/python3.10/site-packages/mmdet/datasets/samplers/distributed_sampler.py
/home/derek/work/install/mmdet/lib/python3.10/site-packages/mmdet/datasets/pipelines/transforms.py
/home/derek/work/install/mmdet/lib/python3.10/site-packages/mmdet/datasets/pipelines/auto_augment.py
/home/derek/work/install/mmdet/lib/python3.10/site-packages/mmdet/datasets/pipelines/compose.py
/home/derek/work/install/mmdet/lib/python3.10/site-packages/mmdet/datasets/pipelines/__init__.py
/home/derek/work/install/mmdet/lib/python3.10/site-packages/mmdet/datasets/pipelines/loading.py
/home/derek/work/install/mmdet/lib/python3.10/site-packages/mmdet/datasets/pipelines/test_time_aug.py
/home/derek/work/install/mmdet/lib/python3.10/site-packages/mmdet/datasets/pipelines/formatting.py
/home/derek/work/install/mmdet/lib/python3.10/site-packages/mmdet/datasets/pipelines/instaboost.py
/home/derek/work/install/mmdet/lib/python3.10/site-packages/mmdet/datasets/pipelines/formating.py
/home/derek/work/install/mmdet/lib/python3.10/site-packages/mmdet/datasets/api_wrappers/coco_api.py
/home/derek/work/install/mmdet/lib/python3.10/site-packages/mmdet/datasets/api_wrappers/__init__.py
/home/derek/work/install/mmdet/lib/python3.10/site-packages/mmdet/datasets/api_wrappers/panoptic_evaluation.py
/home/derek/work/install/mmdet/lib/python3.10/site-packages/mmdet/__pycache__/__init__.cpython-310.pyc
/home/derek/work/install/mmdet/lib/python3.10/site-packages/mmdet/__pycache__/version.cpython-310.pyc
/home/derek/work/install/mmdet/lib/python3.10/site-packages/mmdet/utils/__pycache__/util_mixins.cpython-310.pyc
/home/derek/work/install/mmdet/lib/python3.10/site-packages/mmdet/utils/__pycache__/profiling.cpython-310.pyc
/home/derek/work/install/mmdet/lib/python3.10/site-packages/mmdet/utils/__pycache__/setup_env.cpython-310.pyc
/home/derek/work/install/mmdet/lib/python3.10/site-packages/mmdet/utils/__pycache__/util_distribution.cpython-310.pyc
/home/derek/work/install/mmdet/lib/python3.10/site-packages/mmdet/utils/__pycache__/__init__.cpython-310.pyc
/home/derek/work/install/mmdet/lib/python3.10/site-packages/mmdet/utils/__pycache__/util_random.cpython-310.pyc
/home/derek/work/install/mmdet/lib/python3.10/site-packages/mmdet/utils/__pycache__/rfnext.cpython-310.pyc
/home/derek/work/install/mmdet/lib/python3.10/site-packages/mmdet/utils/__pycache__/split_batch.cpython-310.pyc
/home/derek/work/install/mmdet/lib/python3.10/site-packages/mmdet/utils/__pycache__/replace_cfg_vals.cpython-310.pyc
/home/derek/work/install/mmdet/lib/python3.10/site-packages/mmdet/utils/__pycache__/ascend_util.cpython-310.pyc
/home/derek/work/install/mmdet/lib/python3.10/site-packages/mmdet/utils/__pycache__/logger.cpython-310.pyc
/home/derek/work/install/mmdet/lib/python3.10/site-packages/mmdet/utils/__pycache__/memory.cpython-310.pyc
/home/derek/work/install/mmdet/lib/python3.10/site-packages/mmdet/utils/__pycache__/compat_config.cpython-310.pyc
/home/derek/work/install/mmdet/lib/python3.10/site-packages/mmdet/utils/__pycache__/collect_env.cpython-310.pyc
/home/derek/work/install/mmdet/lib/python3.10/site-packages/mmdet/utils/__pycache__/contextmanagers.cpython-310.pyc
/home/derek/work/install/mmdet/lib/python3.10/site-packages/mmdet/utils/__pycache__/misc.cpython-310.pyc
/home/derek/work/install/mmdet/lib/python3.10/site-packages/mmdet/apis/__pycache__/__init__.cpython-310.pyc
/home/derek/work/install/mmdet/lib/python3.10/site-packages/mmdet/apis/__pycache__/test.cpython-310.pyc
/home/derek/work/install/mmdet/lib/python3.10/site-packages/mmdet/apis/__pycache__/inference.cpython-310.pyc
/home/derek/work/install/mmdet/lib/python3.10/site-packages/mmdet/apis/__pycache__/train.cpython-310.pyc
/home/derek/work/install/mmdet/lib/python3.10/site-packages/mmdet/core/__pycache__/__init__.cpython-310.pyc
/home/derek/work/install/mmdet/lib/python3.10/site-packages/mmdet/models/__pycache__/__init__.cpython-310.pyc
/home/derek/work/install/mmdet/lib/python3.10/site-packages/mmdet/models/__pycache__/builder.cpython-310.pyc
/home/derek/work/install/mmdet/lib/python3.10/site-packages/mmdet/datasets/__pycache__/custom.cpython-310.pyc
/home/derek/work/install/mmdet/lib/python3.10/site-packages/mmdet/datasets/__pycache__/wider_face.cpython-310.pyc
/home/derek/work/install/mmdet/lib/python3.10/site-packages/mmdet/datasets/__pycache__/coco_occluded.cpython-310.pyc
/home/derek/work/install/mmdet/lib/python3.10/site-packages/mmdet/datasets/__pycache__/voc.cpython-310.pyc
/home/derek/work/install/mmdet/lib/python3.10/site-packages/mmdet/datasets/__pycache__/deepfashion.cpython-310.pyc
/home/derek/work/install/mmdet/lib/python3.10/site-packages/mmdet/datasets/__pycache__/__init__.cpython-310.pyc
/home/derek/work/install/mmdet/lib/python3.10/site-packages/mmdet/datasets/__pycache__/coco_panoptic.cpython-310.pyc
/home/derek/work/install/mmdet/lib/python3.10/site-packages/mmdet/datasets/__pycache__/lvis.cpython-310.pyc
/home/derek/work/install/mmdet/lib/python3.10/site-packages/mmdet/datasets/__pycache__/utils.cpython-310.pyc
/home/derek/work/install/mmdet/lib/python3.10/site-packages/mmdet/datasets/__pycache__/coco.cpython-310.pyc
/home/derek/work/install/mmdet/lib/python3.10/site-packages/mmdet/datasets/__pycache__/xml_style.cpython-310.pyc
/home/derek/work/install/mmdet/lib/python3.10/site-packages/mmdet/datasets/__pycache__/pallet_data.cpython-310.pyc
/home/derek/work/install/mmdet/lib/python3.10/site-packages/mmdet/datasets/__pycache__/builder.cpython-310.pyc
/home/derek/work/install/mmdet/lib/python3.10/site-packages/mmdet/datasets/__pycache__/objects365.cpython-310.pyc
/home/derek/work/install/mmdet/lib/python3.10/site-packages/mmdet/datasets/__pycache__/dataset_wrappers.cpython-310.pyc
/home/derek/work/install/mmdet/lib/python3.10/site-packages/mmdet/datasets/__pycache__/cityscapes.cpython-310.pyc
/home/derek/work/install/mmdet/lib/python3.10/site-packages/mmdet/datasets/__pycache__/openimages.cpython-310.pyc
/home/derek/work/install/mmdet/lib/python3.10/site-packages/mmdet/core/utils/__pycache__/dist_utils.cpython-310.pyc
/home/derek/work/install/mmdet/lib/python3.10/site-packages/mmdet/core/utils/__pycache__/__init__.cpython-310.pyc
/home/derek/work/install/mmdet/lib/python3.10/site-packages/mmdet/core/utils/__pycache__/misc.cpython-310.pyc
/home/derek/work/install/mmdet/lib/python3.10/site-packages/mmdet/core/export/__pycache__/__init__.cpython-310.pyc
/home/derek/work/install/mmdet/lib/python3.10/site-packages/mmdet/core/export/__pycache__/pytorch2onnx.cpython-310.pyc
/home/derek/work/install/mmdet/lib/python3.10/site-packages/mmdet/core/export/__pycache__/model_wrappers.cpython-310.pyc
/home/derek/work/install/mmdet/lib/python3.10/site-packages/mmdet/core/export/__pycache__/onnx_helper.cpython-310.pyc
/home/derek/work/install/mmdet/lib/python3.10/site-packages/mmdet/core/visualization/__pycache__/__init__.cpython-310.pyc
/home/derek/work/install/mmdet/lib/python3.10/site-packages/mmdet/core/visualization/__pycache__/image.cpython-310.pyc
/home/derek/work/install/mmdet/lib/python3.10/site-packages/mmdet/core/visualization/__pycache__/palette.cpython-310.pyc
/home/derek/work/install/mmdet/lib/python3.10/site-packages/mmdet/core/data_structures/__pycache__/general_data.cpython-310.pyc
/home/derek/work/install/mmdet/lib/python3.10/site-packages/mmdet/core/data_structures/__pycache__/__init__.cpython-310.pyc
/home/derek/work/install/mmdet/lib/python3.10/site-packages/mmdet/core/data_structures/__pycache__/instance_data.cpython-310.pyc
/home/derek/work/install/mmdet/lib/python3.10/site-packages/mmdet/core/post_processing/__pycache__/merge_augs.cpython-310.pyc
/home/derek/work/install/mmdet/lib/python3.10/site-packages/mmdet/core/post_processing/__pycache__/bbox_nms.cpython-310.pyc
/home/derek/work/install/mmdet/lib/python3.10/site-packages/mmdet/core/post_processing/__pycache__/matrix_nms.cpython-310.pyc
/home/derek/work/install/mmdet/lib/python3.10/site-packages/mmdet/core/post_processing/__pycache__/__init__.cpython-310.pyc
/home/derek/work/install/mmdet/lib/python3.10/site-packages/mmdet/core/evaluation/__pycache__/bbox_overlaps.cpython-310.pyc
/home/derek/work/install/mmdet/lib/python3.10/site-packages/mmdet/core/evaluation/__pycache__/recall.cpython-310.pyc
/home/derek/work/install/mmdet/lib/python3.10/site-packages/mmdet/core/evaluation/__pycache__/__init__.cpython-310.pyc
/home/derek/work/install/mmdet/lib/python3.10/site-packages/mmdet/core/evaluation/__pycache__/eval_hooks.cpython-310.pyc
/home/derek/work/install/mmdet/lib/python3.10/site-packages/mmdet/core/evaluation/__pycache__/panoptic_utils.cpython-310.pyc
/home/derek/work/install/mmdet/lib/python3.10/site-packages/mmdet/core/evaluation/__pycache__/class_names.cpython-310.pyc
/home/derek/work/install/mmdet/lib/python3.10/site-packages/mmdet/core/evaluation/__pycache__/mean_ap.cpython-310.pyc
/home/derek/work/install/mmdet/lib/python3.10/site-packages/mmdet/core/optimizers/__pycache__/__init__.cpython-310.pyc
/home/derek/work/install/mmdet/lib/python3.10/site-packages/mmdet/core/optimizers/__pycache__/layer_decay_optimizer_constructor.cpython-310.pyc
/home/derek/work/install/mmdet/lib/python3.10/site-packages/mmdet/core/optimizers/__pycache__/builder.cpython-310.pyc
/home/derek/work/install/mmdet/lib/python3.10/site-packages/mmdet/core/hook/__pycache__/ema.cpython-310.pyc
/home/derek/work/install/mmdet/lib/python3.10/site-packages/mmdet/core/hook/__pycache__/memory_profiler_hook.cpython-310.pyc
/home/derek/work/install/mmdet/lib/python3.10/site-packages/mmdet/core/hook/__pycache__/sync_norm_hook.cpython-310.pyc
/home/derek/work/install/mmdet/lib/python3.10/site-packages/mmdet/core/hook/__pycache__/yolox_lrupdater_hook.cpython-310.pyc
/home/derek/work/install/mmdet/lib/python3.10/site-packages/mmdet/core/hook/__pycache__/__init__.cpython-310.pyc
/home/derek/work/install/mmdet/lib/python3.10/site-packages/mmdet/core/hook/__pycache__/set_epoch_info_hook.cpython-310.pyc
/home/derek/work/install/mmdet/lib/python3.10/site-packages/mmdet/core/hook/__pycache__/checkloss_hook.cpython-310.pyc
/home/derek/work/install/mmdet/lib/python3.10/site-packages/mmdet/core/hook/__pycache__/sync_random_size_hook.cpython-310.pyc
/home/derek/work/install/mmdet/lib/python3.10/site-packages/mmdet/core/hook/__pycache__/wandblogger_hook.cpython-310.pyc
/home/derek/work/install/mmdet/lib/python3.10/site-packages/mmdet/core/hook/__pycache__/yolox_mode_switch_hook.cpython-310.pyc
/home/derek/work/install/mmdet/lib/python3.10/site-packages/mmdet/core/mask/__pycache__/mask_target.cpython-310.pyc
/home/derek/work/install/mmdet/lib/python3.10/site-packages/mmdet/core/mask/__pycache__/structures.cpython-310.pyc
/home/derek/work/install/mmdet/lib/python3.10/site-packages/mmdet/core/mask/__pycache__/__init__.cpython-310.pyc
/home/derek/work/install/mmdet/lib/python3.10/site-packages/mmdet/core/mask/__pycache__/utils.cpython-310.pyc
/home/derek/work/install/mmdet/lib/python3.10/site-packages/mmdet/core/anchor/__pycache__/__init__.cpython-310.pyc
/home/derek/work/install/mmdet/lib/python3.10/site-packages/mmdet/core/anchor/__pycache__/utils.cpython-310.pyc
/home/derek/work/install/mmdet/lib/python3.10/site-packages/mmdet/core/anchor/__pycache__/point_generator.cpython-310.pyc
/home/derek/work/install/mmdet/lib/python3.10/site-packages/mmdet/core/anchor/__pycache__/builder.cpython-310.pyc
/home/derek/work/install/mmdet/lib/python3.10/site-packages/mmdet/core/anchor/__pycache__/anchor_generator.cpython-310.pyc
/home/derek/work/install/mmdet/lib/python3.10/site-packages/mmdet/core/bbox/__pycache__/transforms.cpython-310.pyc
/home/derek/work/install/mmdet/lib/python3.10/site-packages/mmdet/core/bbox/__pycache__/__init__.cpython-310.pyc
/home/derek/work/install/mmdet/lib/python3.10/site-packages/mmdet/core/bbox/__pycache__/builder.cpython-310.pyc
/home/derek/work/install/mmdet/lib/python3.10/site-packages/mmdet/core/bbox/__pycache__/demodata.cpython-310.pyc
/home/derek/work/install/mmdet/lib/python3.10/site-packages/mmdet/core/bbox/coder/__pycache__/distance_point_bbox_coder.cpython-310.pyc
/home/derek/work/install/mmdet/lib/python3.10/site-packages/mmdet/core/bbox/coder/__pycache__/pseudo_bbox_coder.cpython-310.pyc
/home/derek/work/install/mmdet/lib/python3.10/site-packages/mmdet/core/bbox/coder/__pycache__/delta_xywh_bbox_coder.cpython-310.pyc
/home/derek/work/install/mmdet/lib/python3.10/site-packages/mmdet/core/bbox/coder/__pycache__/yolo_bbox_coder.cpython-310.pyc
/home/derek/work/install/mmdet/lib/python3.10/site-packages/mmdet/core/bbox/coder/__pycache__/base_bbox_coder.cpython-310.pyc
/home/derek/work/install/mmdet/lib/python3.10/site-packages/mmdet/core/bbox/coder/__pycache__/__init__.cpython-310.pyc
/home/derek/work/install/mmdet/lib/python3.10/site-packages/mmdet/core/bbox/coder/__pycache__/tblr_bbox_coder.cpython-310.pyc
/home/derek/work/install/mmdet/lib/python3.10/site-packages/mmdet/core/bbox/coder/__pycache__/bucketing_bbox_coder.cpython-310.pyc
/home/derek/work/install/mmdet/lib/python3.10/site-packages/mmdet/core/bbox/coder/__pycache__/legacy_delta_xywh_bbox_coder.cpython-310.pyc
/home/derek/work/install/mmdet/lib/python3.10/site-packages/mmdet/core/bbox/match_costs/__pycache__/__init__.cpython-310.pyc
/home/derek/work/install/mmdet/lib/python3.10/site-packages/mmdet/core/bbox/match_costs/__pycache__/builder.cpython-310.pyc
/home/derek/work/install/mmdet/lib/python3.10/site-packages/mmdet/core/bbox/match_costs/__pycache__/match_cost.cpython-310.pyc
/home/derek/work/install/mmdet/lib/python3.10/site-packages/mmdet/core/bbox/assigners/__pycache__/base_assigner.cpython-310.pyc
/home/derek/work/install/mmdet/lib/python3.10/site-packages/mmdet/core/bbox/assigners/__pycache__/ascend_assign_result.cpython-310.pyc
/home/derek/work/install/mmdet/lib/python3.10/site-packages/mmdet/core/bbox/assigners/__pycache__/hungarian_assigner.cpython-310.pyc
/home/derek/work/install/mmdet/lib/python3.10/site-packages/mmdet/core/bbox/assigners/__pycache__/center_region_assigner.cpython-310.pyc
/home/derek/work/install/mmdet/lib/python3.10/site-packages/mmdet/core/bbox/assigners/__pycache__/sim_ota_assigner.cpython-310.pyc
/home/derek/work/install/mmdet/lib/python3.10/site-packages/mmdet/core/bbox/assigners/__pycache__/region_assigner.cpython-310.pyc
/home/derek/work/install/mmdet/lib/python3.10/site-packages/mmdet/core/bbox/assigners/__pycache__/atss_assigner.cpython-310.pyc
/home/derek/work/install/mmdet/lib/python3.10/site-packages/mmdet/core/bbox/assigners/__pycache__/point_assigner.cpython-310.pyc
/home/derek/work/install/mmdet/lib/python3.10/site-packages/mmdet/core/bbox/assigners/__pycache__/mask_hungarian_assigner.cpython-310.pyc
/home/derek/work/install/mmdet/lib/python3.10/site-packages/mmdet/core/bbox/assigners/__pycache__/task_aligned_assigner.cpython-310.pyc
/home/derek/work/install/mmdet/lib/python3.10/site-packages/mmdet/core/bbox/assigners/__pycache__/__init__.cpython-310.pyc
/home/derek/work/install/mmdet/lib/python3.10/site-packages/mmdet/core/bbox/assigners/__pycache__/grid_assigner.cpython-310.pyc
/home/derek/work/install/mmdet/lib/python3.10/site-packages/mmdet/core/bbox/assigners/__pycache__/uniform_assigner.cpython-310.pyc
/home/derek/work/install/mmdet/lib/python3.10/site-packages/mmdet/core/bbox/assigners/__pycache__/max_iou_assigner.cpython-310.pyc
/home/derek/work/install/mmdet/lib/python3.10/site-packages/mmdet/core/bbox/assigners/__pycache__/assign_result.cpython-310.pyc
/home/derek/work/install/mmdet/lib/python3.10/site-packages/mmdet/core/bbox/assigners/__pycache__/ascend_max_iou_assigner.cpython-310.pyc
/home/derek/work/install/mmdet/lib/python3.10/site-packages/mmdet/core/bbox/assigners/__pycache__/approx_max_iou_assigner.cpython-310.pyc
/home/derek/work/install/mmdet/lib/python3.10/site-packages/mmdet/core/bbox/samplers/__pycache__/score_hlr_sampler.cpython-310.pyc
/home/derek/work/install/mmdet/lib/python3.10/site-packages/mmdet/core/bbox/samplers/__pycache__/random_sampler.cpython-310.pyc
/home/derek/work/install/mmdet/lib/python3.10/site-packages/mmdet/core/bbox/samplers/__pycache__/base_sampler.cpython-310.pyc
/home/derek/work/install/mmdet/lib/python3.10/site-packages/mmdet/core/bbox/samplers/__pycache__/instance_balanced_pos_sampler.cpython-310.pyc
/home/derek/work/install/mmdet/lib/python3.10/site-packages/mmdet/core/bbox/samplers/__pycache__/combined_sampler.cpython-310.pyc
/home/derek/work/install/mmdet/lib/python3.10/site-packages/mmdet/core/bbox/samplers/__pycache__/ohem_sampler.cpython-310.pyc
/home/derek/work/install/mmdet/lib/python3.10/site-packages/mmdet/core/bbox/samplers/__pycache__/sampling_result.cpython-310.pyc
/home/derek/work/install/mmdet/lib/python3.10/site-packages/mmdet/core/bbox/samplers/__pycache__/pseudo_sampler.cpython-310.pyc
/home/derek/work/install/mmdet/lib/python3.10/site-packages/mmdet/core/bbox/samplers/__pycache__/__init__.cpython-310.pyc
/home/derek/work/install/mmdet/lib/python3.10/site-packages/mmdet/core/bbox/samplers/__pycache__/mask_pseudo_sampler.cpython-310.pyc
/home/derek/work/install/mmdet/lib/python3.10/site-packages/mmdet/core/bbox/samplers/__pycache__/mask_sampling_result.cpython-310.pyc
/home/derek/work/install/mmdet/lib/python3.10/site-packages/mmdet/core/bbox/samplers/__pycache__/iou_balanced_neg_sampler.cpython-310.pyc
/home/derek/work/install/mmdet/lib/python3.10/site-packages/mmdet/core/bbox/iou_calculators/__pycache__/iou2d_calculator.cpython-310.pyc
/home/derek/work/install/mmdet/lib/python3.10/site-packages/mmdet/core/bbox/iou_calculators/__pycache__/__init__.cpython-310.pyc
/home/derek/work/install/mmdet/lib/python3.10/site-packages/mmdet/core/bbox/iou_calculators/__pycache__/builder.cpython-310.pyc
/home/derek/work/install/mmdet/lib/python3.10/site-packages/mmdet/models/dense_heads/__pycache__/base_mask_head.cpython-310.pyc
/home/derek/work/install/mmdet/lib/python3.10/site-packages/mmdet/models/dense_heads/__pycache__/centripetal_head.cpython-310.pyc
/home/derek/work/install/mmdet/lib/python3.10/site-packages/mmdet/models/dense_heads/__pycache__/rpn_head.cpython-310.pyc
/home/derek/work/install/mmdet/lib/python3.10/site-packages/mmdet/models/dense_heads/__pycache__/yolact_head.cpython-310.pyc
/home/derek/work/install/mmdet/lib/python3.10/site-packages/mmdet/models/dense_heads/__pycache__/vfnet_head.cpython-310.pyc
/home/derek/work/install/mmdet/lib/python3.10/site-packages/mmdet/models/dense_heads/__pycache__/fovea_head.cpython-310.pyc
/home/derek/work/install/mmdet/lib/python3.10/site-packages/mmdet/models/dense_heads/__pycache__/ascend_retina_head.cpython-310.pyc
/home/derek/work/install/mmdet/lib/python3.10/site-packages/mmdet/models/dense_heads/__pycache__/lad_head.cpython-310.pyc
/home/derek/work/install/mmdet/lib/python3.10/site-packages/mmdet/models/dense_heads/__pycache__/solo_head.cpython-310.pyc
/home/derek/work/install/mmdet/lib/python3.10/site-packages/mmdet/models/dense_heads/__pycache__/ddod_head.cpython-310.pyc
/home/derek/work/install/mmdet/lib/python3.10/site-packages/mmdet/models/dense_heads/__pycache__/retina_head.cpython-310.pyc
/home/derek/work/install/mmdet/lib/python3.10/site-packages/mmdet/models/dense_heads/__pycache__/ga_retina_head.cpython-310.pyc
/home/derek/work/install/mmdet/lib/python3.10/site-packages/mmdet/models/dense_heads/__pycache__/cascade_rpn_head.cpython-310.pyc
/home/derek/work/install/mmdet/lib/python3.10/site-packages/mmdet/models/dense_heads/__pycache__/ssd_head.cpython-310.pyc
/home/derek/work/install/mmdet/lib/python3.10/site-packages/mmdet/models/dense_heads/__pycache__/dense_test_mixins.cpython-310.pyc
/home/derek/work/install/mmdet/lib/python3.10/site-packages/mmdet/models/dense_heads/__pycache__/reppoints_head.cpython-310.pyc
/home/derek/work/install/mmdet/lib/python3.10/site-packages/mmdet/models/dense_heads/__pycache__/__init__.cpython-310.pyc
/home/derek/work/install/mmdet/lib/python3.10/site-packages/mmdet/models/dense_heads/__pycache__/anchor_free_head.cpython-310.pyc
/home/derek/work/install/mmdet/lib/python3.10/site-packages/mmdet/models/dense_heads/__pycache__/yolo_head.cpython-310.pyc
/home/derek/work/install/mmdet/lib/python3.10/site-packages/mmdet/models/dense_heads/__pycache__/yolox_head.cpython-310.pyc
/home/derek/work/install/mmdet/lib/python3.10/site-packages/mmdet/models/dense_heads/__pycache__/pisa_retinanet_head.cpython-310.pyc
/home/derek/work/install/mmdet/lib/python3.10/site-packages/mmdet/models/dense_heads/__pycache__/deformable_detr_head.cpython-310.pyc
/home/derek/work/install/mmdet/lib/python3.10/site-packages/mmdet/models/dense_heads/__pycache__/sabl_retina_head.cpython-310.pyc
/home/derek/work/install/mmdet/lib/python3.10/site-packages/mmdet/models/dense_heads/__pycache__/guided_anchor_head.cpython-310.pyc
/home/derek/work/install/mmdet/lib/python3.10/site-packages/mmdet/models/dense_heads/__pycache__/ascend_ssd_head.cpython-310.pyc
/home/derek/work/install/mmdet/lib/python3.10/site-packages/mmdet/models/dense_heads/__pycache__/maskformer_head.cpython-310.pyc
/home/derek/work/install/mmdet/lib/python3.10/site-packages/mmdet/models/dense_heads/__pycache__/autoassign_head.cpython-310.pyc
/home/derek/work/install/mmdet/lib/python3.10/site-packages/mmdet/models/dense_heads/__pycache__/yolof_head.cpython-310.pyc
/home/derek/work/install/mmdet/lib/python3.10/site-packages/mmdet/models/dense_heads/__pycache__/ga_rpn_head.cpython-310.pyc
/home/derek/work/install/mmdet/lib/python3.10/site-packages/mmdet/models/dense_heads/__pycache__/anchor_head.cpython-310.pyc
/home/derek/work/install/mmdet/lib/python3.10/site-packages/mmdet/models/dense_heads/__pycache__/gfl_head.cpython-310.pyc
/home/derek/work/install/mmdet/lib/python3.10/site-packages/mmdet/models/dense_heads/__pycache__/nasfcos_head.cpython-310.pyc
/home/derek/work/install/mmdet/lib/python3.10/site-packages/mmdet/models/dense_heads/__pycache__/mask2former_head.cpython-310.pyc
/home/derek/work/install/mmdet/lib/python3.10/site-packages/mmdet/models/dense_heads/__pycache__/tood_head.cpython-310.pyc
/home/derek/work/install/mmdet/lib/python3.10/site-packages/mmdet/models/dense_heads/__pycache__/fcos_head.cpython-310.pyc
/home/derek/work/install/mmdet/lib/python3.10/site-packages/mmdet/models/dense_heads/__pycache__/centernet_head.cpython-310.pyc
/home/derek/work/install/mmdet/lib/python3.10/site-packages/mmdet/models/dense_heads/__pycache__/atss_head.cpython-310.pyc
/home/derek/work/install/mmdet/lib/python3.10/site-packages/mmdet/models/dense_heads/__pycache__/ld_head.cpython-310.pyc
/home/derek/work/install/mmdet/lib/python3.10/site-packages/mmdet/models/dense_heads/__pycache__/corner_head.cpython-310.pyc
/home/derek/work/install/mmdet/lib/python3.10/site-packages/mmdet/models/dense_heads/__pycache__/detr_head.cpython-310.pyc
/home/derek/work/install/mmdet/lib/python3.10/site-packages/mmdet/models/dense_heads/__pycache__/fsaf_head.cpython-310.pyc
/home/derek/work/install/mmdet/lib/python3.10/site-packages/mmdet/models/dense_heads/__pycache__/paa_head.cpython-310.pyc
/home/derek/work/install/mmdet/lib/python3.10/site-packages/mmdet/models/dense_heads/__pycache__/solov2_head.cpython-310.pyc
/home/derek/work/install/mmdet/lib/python3.10/site-packages/mmdet/models/dense_heads/__pycache__/embedding_rpn_head.cpython-310.pyc
/home/derek/work/install/mmdet/lib/python3.10/site-packages/mmdet/models/dense_heads/__pycache__/retina_sepbn_head.cpython-310.pyc
/home/derek/work/install/mmdet/lib/python3.10/site-packages/mmdet/models/dense_heads/__pycache__/ascend_anchor_head.cpython-310.pyc
/home/derek/work/install/mmdet/lib/python3.10/site-packages/mmdet/models/dense_heads/__pycache__/free_anchor_retina_head.cpython-310.pyc
/home/derek/work/install/mmdet/lib/python3.10/site-packages/mmdet/models/dense_heads/__pycache__/pisa_ssd_head.cpython-310.pyc
/home/derek/work/install/mmdet/lib/python3.10/site-packages/mmdet/models/dense_heads/__pycache__/base_dense_head.cpython-310.pyc
/home/derek/work/install/mmdet/lib/python3.10/site-packages/mmdet/models/utils/__pycache__/panoptic_gt_processing.cpython-310.pyc
/home/derek/work/install/mmdet/lib/python3.10/site-packages/mmdet/models/utils/__pycache__/conv_upsample.cpython-310.pyc
/home/derek/work/install/mmdet/lib/python3.10/site-packages/mmdet/models/utils/__pycache__/gaussian_target.cpython-310.pyc
/home/derek/work/install/mmdet/lib/python3.10/site-packages/mmdet/models/utils/__pycache__/res_layer.cpython-310.pyc
/home/derek/work/install/mmdet/lib/python3.10/site-packages/mmdet/models/utils/__pycache__/point_sample.cpython-310.pyc
/home/derek/work/install/mmdet/lib/python3.10/site-packages/mmdet/models/utils/__pycache__/positional_encoding.cpython-310.pyc
/home/derek/work/install/mmdet/lib/python3.10/site-packages/mmdet/models/utils/__pycache__/csp_layer.cpython-310.pyc
/home/derek/work/install/mmdet/lib/python3.10/site-packages/mmdet/models/utils/__pycache__/se_layer.cpython-310.pyc
/home/derek/work/install/mmdet/lib/python3.10/site-packages/mmdet/models/utils/__pycache__/__init__.cpython-310.pyc
/home/derek/work/install/mmdet/lib/python3.10/site-packages/mmdet/models/utils/__pycache__/brick_wrappers.cpython-310.pyc
/home/derek/work/install/mmdet/lib/python3.10/site-packages/mmdet/models/utils/__pycache__/transformer.cpython-310.pyc
/home/derek/work/install/mmdet/lib/python3.10/site-packages/mmdet/models/utils/__pycache__/builder.cpython-310.pyc
/home/derek/work/install/mmdet/lib/python3.10/site-packages/mmdet/models/utils/__pycache__/normed_predictor.cpython-310.pyc
/home/derek/work/install/mmdet/lib/python3.10/site-packages/mmdet/models/utils/__pycache__/make_divisible.cpython-310.pyc
/home/derek/work/install/mmdet/lib/python3.10/site-packages/mmdet/models/utils/__pycache__/ckpt_convert.cpython-310.pyc
/home/derek/work/install/mmdet/lib/python3.10/site-packages/mmdet/models/utils/__pycache__/inverted_residual.cpython-310.pyc
/home/derek/work/install/mmdet/lib/python3.10/site-packages/mmdet/models/utils/__pycache__/misc.cpython-310.pyc
/home/derek/work/install/mmdet/lib/python3.10/site-packages/mmdet/models/roi_heads/__pycache__/point_rend_roi_head.cpython-310.pyc
/home/derek/work/install/mmdet/lib/python3.10/site-packages/mmdet/models/roi_heads/__pycache__/scnet_roi_head.cpython-310.pyc
/home/derek/work/install/mmdet/lib/python3.10/site-packages/mmdet/models/roi_heads/__pycache__/pisa_roi_head.cpython-310.pyc
/home/derek/work/install/mmdet/lib/python3.10/site-packages/mmdet/models/roi_heads/__pycache__/trident_roi_head.cpython-310.pyc
/home/derek/work/install/mmdet/lib/python3.10/site-packages/mmdet/models/roi_heads/__pycache__/htc_roi_head.cpython-310.pyc
/home/derek/work/install/mmdet/lib/python3.10/site-packages/mmdet/models/roi_heads/__pycache__/mask_scoring_roi_head.cpython-310.pyc
/home/derek/work/install/mmdet/lib/python3.10/site-packages/mmdet/models/roi_heads/__pycache__/standard_roi_head.cpython-310.pyc
/home/derek/work/install/mmdet/lib/python3.10/site-packages/mmdet/models/roi_heads/__pycache__/__init__.cpython-310.pyc
/home/derek/work/install/mmdet/lib/python3.10/site-packages/mmdet/models/roi_heads/__pycache__/dynamic_roi_head.cpython-310.pyc
/home/derek/work/install/mmdet/lib/python3.10/site-packages/mmdet/models/roi_heads/__pycache__/base_roi_head.cpython-310.pyc
/home/derek/work/install/mmdet/lib/python3.10/site-packages/mmdet/models/roi_heads/__pycache__/double_roi_head.cpython-310.pyc
/home/derek/work/install/mmdet/lib/python3.10/site-packages/mmdet/models/roi_heads/__pycache__/cascade_roi_head.cpython-310.pyc
/home/derek/work/install/mmdet/lib/python3.10/site-packages/mmdet/models/roi_heads/__pycache__/sparse_roi_head.cpython-310.pyc
/home/derek/work/install/mmdet/lib/python3.10/site-packages/mmdet/models/roi_heads/__pycache__/grid_roi_head.cpython-310.pyc
/home/derek/work/install/mmdet/lib/python3.10/site-packages/mmdet/models/roi_heads/__pycache__/test_mixins.cpython-310.pyc
/home/derek/work/install/mmdet/lib/python3.10/site-packages/mmdet/models/seg_heads/__pycache__/base_semantic_head.cpython-310.pyc
/home/derek/work/install/mmdet/lib/python3.10/site-packages/mmdet/models/seg_heads/__pycache__/__init__.cpython-310.pyc
/home/derek/work/install/mmdet/lib/python3.10/site-packages/mmdet/models/seg_heads/__pycache__/panoptic_fpn_head.cpython-310.pyc
/home/derek/work/install/mmdet/lib/python3.10/site-packages/mmdet/models/backbones/__pycache__/detectors_resnet.cpython-310.pyc
/home/derek/work/install/mmdet/lib/python3.10/site-packages/mmdet/models/backbones/__pycache__/hourglass.cpython-310.pyc
/home/derek/work/install/mmdet/lib/python3.10/site-packages/mmdet/models/backbones/__pycache__/detectors_resnext.cpython-310.pyc
/home/derek/work/install/mmdet/lib/python3.10/site-packages/mmdet/models/backbones/__pycache__/swin.cpython-310.pyc
/home/derek/work/install/mmdet/lib/python3.10/site-packages/mmdet/models/backbones/__pycache__/__init__.cpython-310.pyc
/home/derek/work/install/mmdet/lib/python3.10/site-packages/mmdet/models/backbones/__pycache__/hrnet.cpython-310.pyc
/home/derek/work/install/mmdet/lib/python3.10/site-packages/mmdet/models/backbones/__pycache__/mobilenet_v2.cpython-310.pyc
/home/derek/work/install/mmdet/lib/python3.10/site-packages/mmdet/models/backbones/__pycache__/trident_resnet.cpython-310.pyc
/home/derek/work/install/mmdet/lib/python3.10/site-packages/mmdet/models/backbones/__pycache__/darknet.cpython-310.pyc
/home/derek/work/install/mmdet/lib/python3.10/site-packages/mmdet/models/backbones/__pycache__/resnest.cpython-310.pyc
/home/derek/work/install/mmdet/lib/python3.10/site-packages/mmdet/models/backbones/__pycache__/resnet.cpython-310.pyc
/home/derek/work/install/mmdet/lib/python3.10/site-packages/mmdet/models/backbones/__pycache__/regnet.cpython-310.pyc
/home/derek/work/install/mmdet/lib/python3.10/site-packages/mmdet/models/backbones/__pycache__/resnext.cpython-310.pyc
/home/derek/work/install/mmdet/lib/python3.10/site-packages/mmdet/models/backbones/__pycache__/ssd_vgg.cpython-310.pyc
/home/derek/work/install/mmdet/lib/python3.10/site-packages/mmdet/models/backbones/__pycache__/pvt.cpython-310.pyc
/home/derek/work/install/mmdet/lib/python3.10/site-packages/mmdet/models/backbones/__pycache__/efficientnet.cpython-310.pyc
/home/derek/work/install/mmdet/lib/python3.10/site-packages/mmdet/models/backbones/__pycache__/csp_darknet.cpython-310.pyc
/home/derek/work/install/mmdet/lib/python3.10/site-packages/mmdet/models/backbones/__pycache__/res2net.cpython-310.pyc
/home/derek/work/install/mmdet/lib/python3.10/site-packages/mmdet/models/necks/__pycache__/yolox_pafpn.cpython-310.pyc
/home/derek/work/install/mmdet/lib/python3.10/site-packages/mmdet/models/necks/__pycache__/ssd_neck.cpython-310.pyc
/home/derek/work/install/mmdet/lib/python3.10/site-packages/mmdet/models/necks/__pycache__/nasfcos_fpn.cpython-310.pyc
/home/derek/work/install/mmdet/lib/python3.10/site-packages/mmdet/models/necks/__pycache__/fpg.cpython-310.pyc
/home/derek/work/install/mmdet/lib/python3.10/site-packages/mmdet/models/necks/__pycache__/ct_resnet_neck.cpython-310.pyc
/home/derek/work/install/mmdet/lib/python3.10/site-packages/mmdet/models/necks/__pycache__/fpn_carafe.cpython-310.pyc
/home/derek/work/install/mmdet/lib/python3.10/site-packages/mmdet/models/necks/__pycache__/dilated_encoder.cpython-310.pyc
/home/derek/work/install/mmdet/lib/python3.10/site-packages/mmdet/models/necks/__pycache__/nas_fpn.cpython-310.pyc
/home/derek/work/install/mmdet/lib/python3.10/site-packages/mmdet/models/necks/__pycache__/channel_mapper.cpython-310.pyc
/home/derek/work/install/mmdet/lib/python3.10/site-packages/mmdet/models/necks/__pycache__/__init__.cpython-310.pyc
/home/derek/work/install/mmdet/lib/python3.10/site-packages/mmdet/models/necks/__pycache__/fpn.cpython-310.pyc
/home/derek/work/install/mmdet/lib/python3.10/site-packages/mmdet/models/necks/__pycache__/hrfpn.cpython-310.pyc
/home/derek/work/install/mmdet/lib/python3.10/site-packages/mmdet/models/necks/__pycache__/rfp.cpython-310.pyc
/home/derek/work/install/mmdet/lib/python3.10/site-packages/mmdet/models/necks/__pycache__/yolo_neck.cpython-310.pyc
/home/derek/work/install/mmdet/lib/python3.10/site-packages/mmdet/models/necks/__pycache__/dyhead.cpython-310.pyc
/home/derek/work/install/mmdet/lib/python3.10/site-packages/mmdet/models/necks/__pycache__/pafpn.cpython-310.pyc
/home/derek/work/install/mmdet/lib/python3.10/site-packages/mmdet/models/necks/__pycache__/bfp.cpython-310.pyc
/home/derek/work/install/mmdet/lib/python3.10/site-packages/mmdet/models/losses/__pycache__/balanced_l1_loss.cpython-310.pyc
/home/derek/work/install/mmdet/lib/python3.10/site-packages/mmdet/models/losses/__pycache__/mse_loss.cpython-310.pyc
/home/derek/work/install/mmdet/lib/python3.10/site-packages/mmdet/models/losses/__pycache__/smooth_l1_loss.cpython-310.pyc
/home/derek/work/install/mmdet/lib/python3.10/site-packages/mmdet/models/losses/__pycache__/iou_loss.cpython-310.pyc
/home/derek/work/install/mmdet/lib/python3.10/site-packages/mmdet/models/losses/__pycache__/gaussian_focal_loss.cpython-310.pyc
/home/derek/work/install/mmdet/lib/python3.10/site-packages/mmdet/models/losses/__pycache__/ae_loss.cpython-310.pyc
/home/derek/work/install/mmdet/lib/python3.10/site-packages/mmdet/models/losses/__pycache__/dice_loss.cpython-310.pyc
/home/derek/work/install/mmdet/lib/python3.10/site-packages/mmdet/models/losses/__pycache__/__init__.cpython-310.pyc
/home/derek/work/install/mmdet/lib/python3.10/site-packages/mmdet/models/losses/__pycache__/seesaw_loss.cpython-310.pyc
/home/derek/work/install/mmdet/lib/python3.10/site-packages/mmdet/models/losses/__pycache__/focal_loss.cpython-310.pyc
/home/derek/work/install/mmdet/lib/python3.10/site-packages/mmdet/models/losses/__pycache__/accuracy.cpython-310.pyc
/home/derek/work/install/mmdet/lib/python3.10/site-packages/mmdet/models/losses/__pycache__/utils.cpython-310.pyc
/home/derek/work/install/mmdet/lib/python3.10/site-packages/mmdet/models/losses/__pycache__/varifocal_loss.cpython-310.pyc
/home/derek/work/install/mmdet/lib/python3.10/site-packages/mmdet/models/losses/__pycache__/pisa_loss.cpython-310.pyc
/home/derek/work/install/mmdet/lib/python3.10/site-packages/mmdet/models/losses/__pycache__/kd_loss.cpython-310.pyc
/home/derek/work/install/mmdet/lib/python3.10/site-packages/mmdet/models/losses/__pycache__/cross_entropy_loss.cpython-310.pyc
/home/derek/work/install/mmdet/lib/python3.10/site-packages/mmdet/models/losses/__pycache__/gfocal_loss.cpython-310.pyc
/home/derek/work/install/mmdet/lib/python3.10/site-packages/mmdet/models/losses/__pycache__/ghm_loss.cpython-310.pyc
/home/derek/work/install/mmdet/lib/python3.10/site-packages/mmdet/models/detectors/__pycache__/faster_rcnn.cpython-310.pyc
/home/derek/work/install/mmdet/lib/python3.10/site-packages/mmdet/models/detectors/__pycache__/grid_rcnn.cpython-310.pyc
/home/derek/work/install/mmdet/lib/python3.10/site-packages/mmdet/models/detectors/__pycache__/paa.cpython-310.pyc
/home/derek/work/install/mmdet/lib/python3.10/site-packages/mmdet/models/detectors/__pycache__/two_stage.cpython-310.pyc
/home/derek/work/install/mmdet/lib/python3.10/site-packages/mmdet/models/detectors/__pycache__/trident_faster_rcnn.cpython-310.pyc
/home/derek/work/install/mmdet/lib/python3.10/site-packages/mmdet/models/detectors/__pycache__/nasfcos.cpython-310.pyc
/home/derek/work/install/mmdet/lib/python3.10/site-packages/mmdet/models/detectors/__pycache__/rpn.cpython-310.pyc
/home/derek/work/install/mmdet/lib/python3.10/site-packages/mmdet/models/detectors/__pycache__/autoassign.cpython-310.pyc
/home/derek/work/install/mmdet/lib/python3.10/site-packages/mmdet/models/detectors/__pycache__/atss.cpython-310.pyc
/home/derek/work/install/mmdet/lib/python3.10/site-packages/mmdet/models/detectors/__pycache__/centernet.cpython-310.pyc
/home/derek/work/install/mmdet/lib/python3.10/site-packages/mmdet/models/detectors/__pycache__/yolox.cpython-310.pyc
/home/derek/work/install/mmdet/lib/python3.10/site-packages/mmdet/models/detectors/__pycache__/fsaf.cpython-310.pyc
/home/derek/work/install/mmdet/lib/python3.10/site-packages/mmdet/models/detectors/__pycache__/yolact.cpython-310.pyc
/home/derek/work/install/mmdet/lib/python3.10/site-packages/mmdet/models/detectors/__pycache__/panoptic_two_stage_segmentor.cpython-310.pyc
/home/derek/work/install/mmdet/lib/python3.10/site-packages/mmdet/models/detectors/__pycache__/lad.cpython-310.pyc
/home/derek/work/install/mmdet/lib/python3.10/site-packages/mmdet/models/detectors/__pycache__/panoptic_fpn.cpython-310.pyc
/home/derek/work/install/mmdet/lib/python3.10/site-packages/mmdet/models/detectors/__pycache__/single_stage.cpython-310.pyc
/home/derek/work/install/mmdet/lib/python3.10/site-packages/mmdet/models/detectors/__pycache__/kd_one_stage.cpython-310.pyc
/home/derek/work/install/mmdet/lib/python3.10/site-packages/mmdet/models/detectors/__pycache__/reppoints_detector.cpython-310.pyc
/home/derek/work/install/mmdet/lib/python3.10/site-packages/mmdet/models/detectors/__pycache__/cornernet.cpython-310.pyc
/home/derek/work/install/mmdet/lib/python3.10/site-packages/mmdet/models/detectors/__pycache__/mask_scoring_rcnn.cpython-310.pyc
/home/derek/work/install/mmdet/lib/python3.10/site-packages/mmdet/models/detectors/__pycache__/solov2.cpython-310.pyc
/home/derek/work/install/mmdet/lib/python3.10/site-packages/mmdet/models/detectors/__pycache__/__init__.cpython-310.pyc
/home/derek/work/install/mmdet/lib/python3.10/site-packages/mmdet/models/detectors/__pycache__/fcos.cpython-310.pyc
/home/derek/work/install/mmdet/lib/python3.10/site-packages/mmdet/models/detectors/__pycache__/yolof.cpython-310.pyc
/home/derek/work/install/mmdet/lib/python3.10/site-packages/mmdet/models/detectors/__pycache__/mask_rcnn.cpython-310.pyc
/home/derek/work/install/mmdet/lib/python3.10/site-packages/mmdet/models/detectors/__pycache__/yolo.cpython-310.pyc
/home/derek/work/install/mmdet/lib/python3.10/site-packages/mmdet/models/detectors/__pycache__/sparse_rcnn.cpython-310.pyc
/home/derek/work/install/mmdet/lib/python3.10/site-packages/mmdet/models/detectors/__pycache__/maskformer.cpython-310.pyc
/home/derek/work/install/mmdet/lib/python3.10/site-packages/mmdet/models/detectors/__pycache__/detr.cpython-310.pyc
/home/derek/work/install/mmdet/lib/python3.10/site-packages/mmdet/models/detectors/__pycache__/solo.cpython-310.pyc
/home/derek/work/install/mmdet/lib/python3.10/site-packages/mmdet/models/detectors/__pycache__/retinanet.cpython-310.pyc
/home/derek/work/install/mmdet/lib/python3.10/site-packages/mmdet/models/detectors/__pycache__/scnet.cpython-310.pyc
/home/derek/work/install/mmdet/lib/python3.10/site-packages/mmdet/models/detectors/__pycache__/tood.cpython-310.pyc
/home/derek/work/install/mmdet/lib/python3.10/site-packages/mmdet/models/detectors/__pycache__/fast_rcnn.cpython-310.pyc
/home/derek/work/install/mmdet/lib/python3.10/site-packages/mmdet/models/detectors/__pycache__/vfnet.cpython-310.pyc
/home/derek/work/install/mmdet/lib/python3.10/site-packages/mmdet/models/detectors/__pycache__/htc.cpython-310.pyc
/home/derek/work/install/mmdet/lib/python3.10/site-packages/mmdet/models/detectors/__pycache__/deformable_detr.cpython-310.pyc
/home/derek/work/install/mmdet/lib/python3.10/site-packages/mmdet/models/detectors/__pycache__/gfl.cpython-310.pyc
/home/derek/work/install/mmdet/lib/python3.10/site-packages/mmdet/models/detectors/__pycache__/base.cpython-310.pyc
/home/derek/work/install/mmdet/lib/python3.10/site-packages/mmdet/models/detectors/__pycache__/queryinst.cpython-310.pyc
/home/derek/work/install/mmdet/lib/python3.10/site-packages/mmdet/models/detectors/__pycache__/point_rend.cpython-310.pyc
/home/derek/work/install/mmdet/lib/python3.10/site-packages/mmdet/models/detectors/__pycache__/single_stage_instance_seg.cpython-310.pyc
/home/derek/work/install/mmdet/lib/python3.10/site-packages/mmdet/models/detectors/__pycache__/ddod.cpython-310.pyc
/home/derek/work/install/mmdet/lib/python3.10/site-packages/mmdet/models/detectors/__pycache__/fovea.cpython-310.pyc
/home/derek/work/install/mmdet/lib/python3.10/site-packages/mmdet/models/detectors/__pycache__/mask2former.cpython-310.pyc
/home/derek/work/install/mmdet/lib/python3.10/site-packages/mmdet/models/detectors/__pycache__/cascade_rcnn.cpython-310.pyc
/home/derek/work/install/mmdet/lib/python3.10/site-packages/mmdet/models/plugins/__pycache__/msdeformattn_pixel_decoder.cpython-310.pyc
/home/derek/work/install/mmdet/lib/python3.10/site-packages/mmdet/models/plugins/__pycache__/pixel_decoder.cpython-310.pyc
/home/derek/work/install/mmdet/lib/python3.10/site-packages/mmdet/models/plugins/__pycache__/__init__.cpython-310.pyc
/home/derek/work/install/mmdet/lib/python3.10/site-packages/mmdet/models/plugins/__pycache__/dropblock.cpython-310.pyc
/home/derek/work/install/mmdet/lib/python3.10/site-packages/mmdet/models/roi_heads/bbox_heads/__pycache__/dii_head.cpython-310.pyc
/home/derek/work/install/mmdet/lib/python3.10/site-packages/mmdet/models/roi_heads/bbox_heads/__pycache__/convfc_bbox_head.cpython-310.pyc
/home/derek/work/install/mmdet/lib/python3.10/site-packages/mmdet/models/roi_heads/bbox_heads/__pycache__/sabl_head.cpython-310.pyc
/home/derek/work/install/mmdet/lib/python3.10/site-packages/mmdet/models/roi_heads/bbox_heads/__pycache__/double_bbox_head.cpython-310.pyc
/home/derek/work/install/mmdet/lib/python3.10/site-packages/mmdet/models/roi_heads/bbox_heads/__pycache__/__init__.cpython-310.pyc
/home/derek/work/install/mmdet/lib/python3.10/site-packages/mmdet/models/roi_heads/bbox_heads/__pycache__/bbox_head.cpython-310.pyc
/home/derek/work/install/mmdet/lib/python3.10/site-packages/mmdet/models/roi_heads/bbox_heads/__pycache__/scnet_bbox_head.cpython-310.pyc
/home/derek/work/install/mmdet/lib/python3.10/site-packages/mmdet/models/roi_heads/mask_heads/__pycache__/dynamic_mask_head.cpython-310.pyc
/home/derek/work/install/mmdet/lib/python3.10/site-packages/mmdet/models/roi_heads/mask_heads/__pycache__/mask_point_head.cpython-310.pyc
/home/derek/work/install/mmdet/lib/python3.10/site-packages/mmdet/models/roi_heads/mask_heads/__pycache__/fcn_mask_head.cpython-310.pyc
/home/derek/work/install/mmdet/lib/python3.10/site-packages/mmdet/models/roi_heads/mask_heads/__pycache__/htc_mask_head.cpython-310.pyc
/home/derek/work/install/mmdet/lib/python3.10/site-packages/mmdet/models/roi_heads/mask_heads/__pycache__/fused_semantic_head.cpython-310.pyc
/home/derek/work/install/mmdet/lib/python3.10/site-packages/mmdet/models/roi_heads/mask_heads/__pycache__/scnet_semantic_head.cpython-310.pyc
/home/derek/work/install/mmdet/lib/python3.10/site-packages/mmdet/models/roi_heads/mask_heads/__pycache__/feature_relay_head.cpython-310.pyc
/home/derek/work/install/mmdet/lib/python3.10/site-packages/mmdet/models/roi_heads/mask_heads/__pycache__/global_context_head.cpython-310.pyc
/home/derek/work/install/mmdet/lib/python3.10/site-packages/mmdet/models/roi_heads/mask_heads/__pycache__/__init__.cpython-310.pyc
/home/derek/work/install/mmdet/lib/python3.10/site-packages/mmdet/models/roi_heads/mask_heads/__pycache__/grid_head.cpython-310.pyc
/home/derek/work/install/mmdet/lib/python3.10/site-packages/mmdet/models/roi_heads/mask_heads/__pycache__/scnet_mask_head.cpython-310.pyc
/home/derek/work/install/mmdet/lib/python3.10/site-packages/mmdet/models/roi_heads/mask_heads/__pycache__/coarse_mask_head.cpython-310.pyc
/home/derek/work/install/mmdet/lib/python3.10/site-packages/mmdet/models/roi_heads/mask_heads/__pycache__/maskiou_head.cpython-310.pyc
/home/derek/work/install/mmdet/lib/python3.10/site-packages/mmdet/models/roi_heads/shared_heads/__pycache__/res_layer.cpython-310.pyc
/home/derek/work/install/mmdet/lib/python3.10/site-packages/mmdet/models/roi_heads/shared_heads/__pycache__/__init__.cpython-310.pyc
/home/derek/work/install/mmdet/lib/python3.10/site-packages/mmdet/models/roi_heads/roi_extractors/__pycache__/base_roi_extractor.cpython-310.pyc
/home/derek/work/install/mmdet/lib/python3.10/site-packages/mmdet/models/roi_heads/roi_extractors/__pycache__/single_level_roi_extractor.cpython-310.pyc
/home/derek/work/install/mmdet/lib/python3.10/site-packages/mmdet/models/roi_heads/roi_extractors/__pycache__/__init__.cpython-310.pyc
/home/derek/work/install/mmdet/lib/python3.10/site-packages/mmdet/models/roi_heads/roi_extractors/__pycache__/generic_roi_extractor.cpython-310.pyc
/home/derek/work/install/mmdet/lib/python3.10/site-packages/mmdet/models/seg_heads/panoptic_fusion_heads/__pycache__/heuristic_fusion_head.cpython-310.pyc
/home/derek/work/install/mmdet/lib/python3.10/site-packages/mmdet/models/seg_heads/panoptic_fusion_heads/__pycache__/maskformer_fusion_head.cpython-310.pyc
/home/derek/work/install/mmdet/lib/python3.10/site-packages/mmdet/models/seg_heads/panoptic_fusion_heads/__pycache__/base_panoptic_fusion_head.cpython-310.pyc
/home/derek/work/install/mmdet/lib/python3.10/site-packages/mmdet/models/seg_heads/panoptic_fusion_heads/__pycache__/__init__.cpython-310.pyc
/home/derek/work/install/mmdet/lib/python3.10/site-packages/mmdet/datasets/samplers/__pycache__/group_sampler.cpython-310.pyc
/home/derek/work/install/mmdet/lib/python3.10/site-packages/mmdet/datasets/samplers/__pycache__/__init__.cpython-310.pyc
/home/derek/work/install/mmdet/lib/python3.10/site-packages/mmdet/datasets/samplers/__pycache__/infinite_sampler.cpython-310.pyc
/home/derek/work/install/mmdet/lib/python3.10/site-packages/mmdet/datasets/samplers/__pycache__/class_aware_sampler.cpython-310.pyc
/home/derek/work/install/mmdet/lib/python3.10/site-packages/mmdet/datasets/samplers/__pycache__/distributed_sampler.cpython-310.pyc
/home/derek/work/install/mmdet/lib/python3.10/site-packages/mmdet/datasets/pipelines/__pycache__/transforms.cpython-310.pyc
/home/derek/work/install/mmdet/lib/python3.10/site-packages/mmdet/datasets/pipelines/__pycache__/auto_augment.cpython-310.pyc
/home/derek/work/install/mmdet/lib/python3.10/site-packages/mmdet/datasets/pipelines/__pycache__/compose.cpython-310.pyc
/home/derek/work/install/mmdet/lib/python3.10/site-packages/mmdet/datasets/pipelines/__pycache__/__init__.cpython-310.pyc
/home/derek/work/install/mmdet/lib/python3.10/site-packages/mmdet/datasets/pipelines/__pycache__/loading.cpython-310.pyc
/home/derek/work/install/mmdet/lib/python3.10/site-packages/mmdet/datasets/pipelines/__pycache__/test_time_aug.cpython-310.pyc
/home/derek/work/install/mmdet/lib/python3.10/site-packages/mmdet/datasets/pipelines/__pycache__/formatting.cpython-310.pyc
/home/derek/work/install/mmdet/lib/python3.10/site-packages/mmdet/datasets/pipelines/__pycache__/instaboost.cpython-310.pyc
/home/derek/work/install/mmdet/lib/python3.10/site-packages/mmdet/datasets/pipelines/__pycache__/formating.cpython-310.pyc
/home/derek/work/install/mmdet/lib/python3.10/site-packages/mmdet/datasets/api_wrappers/__pycache__/coco_api.cpython-310.pyc
/home/derek/work/install/mmdet/lib/python3.10/site-packages/mmdet/datasets/api_wrappers/__pycache__/__init__.cpython-310.pyc
/home/derek/work/install/mmdet/lib/python3.10/site-packages/mmdet/datasets/api_wrappers/__pycache__/panoptic_evaluation.cpython-310.pyc
/home/derek/work/install/mmdet/lib/python3.10/site-packages/mmdet-2.28.2-py3.10.egg-info/PKG-INFO
/home/derek/work/install/mmdet/lib/python3.10/site-packages/mmdet-2.28.2-py3.10.egg-info/requires.txt
/home/derek/work/install/mmdet/lib/python3.10/site-packages/mmdet-2.28.2-py3.10.egg-info/not-zip-safe
/home/derek/work/install/mmdet/lib/python3.10/site-packages/mmdet-2.28.2-py3.10.egg-info/top_level.txt
/home/derek/work/install/mmdet/lib/python3.10/site-packages/mmdet-2.28.2-py3.10.egg-info/SOURCES.txt
/home/derek/work/install/mmdet/lib/python3.10/site-packages/mmdet-2.28.2-py3.10.egg-info/dependency_links.txt
